TN:
SF:src/modules/analytics/analyticsController.ts
FN:2,(anonymous_0)
FN:3,adopt
FN:3,(anonymous_2)
FN:4,(anonymous_3)
FN:5,fulfilled
FN:6,rejected
FN:7,step
FN:11,(anonymous_7)
FN:18,(anonymous_8)
FN:18,(anonymous_9)
FN:28,(anonymous_10)
FN:28,(anonymous_11)
FN:38,(anonymous_12)
FN:38,(anonymous_13)
FN:49,(anonymous_14)
FN:49,(anonymous_15)
FN:60,(anonymous_16)
FN:60,(anonymous_17)
FN:70,(anonymous_18)
FN:70,(anonymous_19)
FN:81,(anonymous_20)
FN:81,(anonymous_21)
FN:92,(anonymous_22)
FN:92,(anonymous_23)
FN:103,(anonymous_24)
FN:103,(anonymous_25)
FN:114,(anonymous_26)
FN:114,(anonymous_27)
FNF:28
FNH:27
FNDA:25,(anonymous_0)
FNDA:25,adopt
FNDA:0,(anonymous_2)
FNDA:25,(anonymous_3)
FNDA:15,fulfilled
FNDA:10,rejected
FNDA:50,step
FNDA:4,(anonymous_7)
FNDA:2,(anonymous_8)
FNDA:2,(anonymous_9)
FNDA:2,(anonymous_10)
FNDA:2,(anonymous_11)
FNDA:3,(anonymous_12)
FNDA:3,(anonymous_13)
FNDA:2,(anonymous_14)
FNDA:2,(anonymous_15)
FNDA:2,(anonymous_16)
FNDA:2,(anonymous_17)
FNDA:3,(anonymous_18)
FNDA:3,(anonymous_19)
FNDA:3,(anonymous_20)
FNDA:3,(anonymous_21)
FNDA:3,(anonymous_22)
FNDA:3,(anonymous_23)
FNDA:3,(anonymous_24)
FNDA:3,(anonymous_25)
FNDA:2,(anonymous_26)
FNDA:2,(anonymous_27)
DA:2,2
DA:3,25
DA:4,25
DA:5,15
DA:6,10
DA:7,50
DA:8,25
DA:11,2
DA:12,4
DA:14,2
DA:15,2
DA:16,2
DA:18,2
DA:19,2
DA:20,2
DA:21,1
DA:24,1
DA:28,2
DA:29,2
DA:30,2
DA:31,1
DA:34,1
DA:38,3
DA:39,3
DA:40,3
DA:41,3
DA:42,2
DA:45,1
DA:49,2
DA:50,2
DA:51,2
DA:52,2
DA:53,1
DA:56,1
DA:60,2
DA:61,2
DA:62,2
DA:63,1
DA:66,1
DA:70,3
DA:71,3
DA:72,3
DA:73,3
DA:74,2
DA:77,1
DA:81,3
DA:82,3
DA:83,3
DA:84,3
DA:85,2
DA:88,1
DA:92,3
DA:93,3
DA:94,3
DA:95,3
DA:96,2
DA:99,1
DA:103,3
DA:104,3
DA:105,3
DA:106,3
DA:107,2
DA:110,1
DA:114,2
DA:115,2
DA:116,2
DA:117,1
DA:120,1
DA:123,2
LF:69
LH:69
BRDA:2,0,0,2
BRDA:2,0,1,2
BRDA:2,0,2,2
BRDA:3,1,0,25
BRDA:3,1,1,0
BRDA:4,2,0,25
BRDA:4,2,1,25
BRDA:7,3,0,25
BRDA:7,3,1,25
BRDA:8,4,0,25
BRDA:8,4,1,25
BRDA:11,5,0,2
BRDA:11,5,1,2
BRDA:11,5,2,2
BRDA:12,6,0,4
BRDA:12,6,1,0
BRDA:12,7,0,4
BRDA:12,7,1,4
BRDA:40,8,0,3
BRDA:40,8,1,2
BRDA:51,9,0,2
BRDA:51,9,1,2
BRDA:71,10,0,3
BRDA:71,10,1,2
BRDA:82,11,0,3
BRDA:82,11,1,2
BRDA:93,12,0,3
BRDA:93,12,1,2
BRDA:104,13,0,3
BRDA:104,13,1,2
BRF:30
BRH:28
end_of_record
TN:
SF:src/modules/cookbook/cookbookController.ts
FN:2,(anonymous_0)
FN:3,adopt
FN:3,(anonymous_2)
FN:4,(anonymous_3)
FN:5,fulfilled
FN:6,rejected
FN:7,step
FN:11,(anonymous_7)
FN:28,(anonymous_8)
FN:28,(anonymous_9)
FN:50,(anonymous_10)
FN:50,(anonymous_11)
FN:122,(anonymous_12)
FN:122,(anonymous_13)
FN:134,(anonymous_14)
FN:159,(anonymous_15)
FN:159,(anonymous_16)
FN:170,(anonymous_17)
FN:180,(anonymous_18)
FN:206,(anonymous_19)
FN:206,(anonymous_20)
FN:219,(anonymous_21)
FN:235,(anonymous_22)
FN:235,(anonymous_23)
FN:254,(anonymous_24)
FN:266,(anonymous_25)
FN:318,(anonymous_26)
FN:318,(anonymous_27)
FN:360,(anonymous_28)
FN:360,(anonymous_29)
FN:376,(anonymous_30)
FN:378,(anonymous_31)
FNF:32
FNH:31
FNDA:30,(anonymous_0)
FNDA:45,adopt
FNDA:7,(anonymous_2)
FNDA:30,(anonymous_3)
FNDA:43,fulfilled
FNDA:2,rejected
FNDA:75,step
FNDA:10,(anonymous_7)
FNDA:3,(anonymous_8)
FNDA:3,(anonymous_9)
FNDA:4,(anonymous_10)
FNDA:4,(anonymous_11)
FNDA:3,(anonymous_12)
FNDA:3,(anonymous_13)
FNDA:1,(anonymous_14)
FNDA:4,(anonymous_15)
FNDA:4,(anonymous_16)
FNDA:2,(anonymous_17)
FNDA:0,(anonymous_18)
FNDA:4,(anonymous_19)
FNDA:4,(anonymous_20)
FNDA:1,(anonymous_21)
FNDA:6,(anonymous_22)
FNDA:6,(anonymous_23)
FNDA:3,(anonymous_24)
FNDA:1,(anonymous_25)
FNDA:3,(anonymous_26)
FNDA:3,(anonymous_27)
FNDA:3,(anonymous_28)
FNDA:3,(anonymous_29)
FNDA:1,(anonymous_30)
FNDA:1,(anonymous_31)
DA:2,2
DA:3,45
DA:4,30
DA:5,43
DA:6,2
DA:7,75
DA:8,30
DA:11,2
DA:12,10
DA:14,2
DA:15,2
DA:16,2
DA:17,2
DA:18,2
DA:19,2
DA:20,2
DA:21,2
DA:22,2
DA:23,2
DA:24,2
DA:25,2
DA:26,2
DA:28,3
DA:29,3
DA:30,3
DA:31,3
DA:32,3
DA:33,2
DA:34,1
DA:35,1
DA:36,1
DA:38,1
DA:39,1
DA:42,1
DA:43,1
DA:50,4
DA:51,4
DA:52,4
DA:53,4
DA:54,4
DA:55,4
DA:56,3
DA:57,0
DA:58,0
DA:59,0
DA:61,3
DA:62,1
DA:63,1
DA:64,1
DA:67,2
DA:68,2
DA:69,1
DA:72,2
DA:73,2
DA:74,2
DA:75,2
DA:76,2
DA:78,2
DA:79,1
DA:80,1
DA:81,1
DA:84,1
DA:102,1
DA:104,1
DA:106,1
DA:107,1
DA:108,1
DA:110,1
DA:111,1
DA:114,1
DA:115,1
DA:122,3
DA:123,3
DA:124,3
DA:125,3
DA:126,3
DA:127,3
DA:128,3
DA:129,1
DA:130,1
DA:131,1
DA:134,2
DA:135,2
DA:136,1
DA:137,1
DA:138,1
DA:141,1
DA:143,1
DA:144,1
DA:145,1
DA:151,0
DA:152,0
DA:159,4
DA:160,4
DA:161,4
DA:162,4
DA:163,4
DA:164,4
DA:165,1
DA:166,1
DA:167,1
DA:170,3
DA:171,3
DA:172,1
DA:173,1
DA:174,1
DA:177,2
DA:180,0
DA:185,2
DA:186,1
DA:187,1
DA:188,1
DA:191,1
DA:192,1
DA:193,1
DA:194,1
DA:195,1
DA:198,0
DA:199,0
DA:206,4
DA:207,4
DA:208,4
DA:209,4
DA:210,4
DA:211,1
DA:212,1
DA:213,1
DA:215,3
DA:216,1
DA:217,1
DA:219,2
DA:220,2
DA:221,1
DA:222,1
DA:224,1
DA:225,1
DA:226,1
DA:228,1
DA:229,1
DA:230,1
DA:232,1
DA:235,6
DA:237,6
DA:238,6
DA:239,6
DA:240,6
DA:242,6
DA:243,1
DA:244,1
DA:245,1
DA:248,5
DA:249,5
DA:250,1
DA:251,1
DA:252,1
DA:254,4
DA:255,1
DA:256,1
DA:257,1
DA:260,3
DA:261,3
DA:262,1
DA:263,1
DA:264,1
DA:266,2
DA:267,2
DA:268,1
DA:269,1
DA:270,1
DA:273,1
DA:281,1
DA:282,1
DA:283,1
DA:284,1
DA:309,1
DA:310,1
DA:313,0
DA:314,0
DA:318,3
DA:319,3
DA:320,3
DA:321,3
DA:322,3
DA:323,3
DA:324,1
DA:325,1
DA:327,2
DA:328,2
DA:329,1
DA:330,1
DA:331,1
DA:334,1
DA:335,1
DA:336,2
DA:339,1
DA:340,1
DA:341,2
DA:342,2
DA:346,1
DA:347,1
DA:348,1
DA:349,1
DA:352,0
DA:353,0
DA:360,3
DA:361,3
DA:362,3
DA:363,3
DA:364,3
DA:365,3
DA:366,1
DA:367,1
DA:368,1
DA:370,2
DA:371,1
DA:372,1
DA:373,1
DA:376,1
DA:378,1
DA:379,1
DA:381,1
DA:382,1
DA:383,1
DA:385,1
DA:386,1
DA:389,0
DA:390,0
DA:396,2
LF:228
LH:214
BRDA:2,0,0,2
BRDA:2,0,1,2
BRDA:2,0,2,2
BRDA:3,1,0,38
BRDA:3,1,1,7
BRDA:4,2,0,30
BRDA:4,2,1,30
BRDA:7,3,0,30
BRDA:7,3,1,45
BRDA:8,4,0,30
BRDA:8,4,1,30
BRDA:11,5,0,2
BRDA:11,5,1,2
BRDA:11,5,2,2
BRDA:12,6,0,7
BRDA:12,6,1,3
BRDA:12,7,0,10
BRDA:12,7,1,10
BRDA:33,8,0,1
BRDA:33,8,1,1
BRDA:56,9,0,0
BRDA:56,9,1,3
BRDA:61,10,0,1
BRDA:61,10,1,2
BRDA:68,11,0,1
BRDA:68,11,1,1
BRDA:78,12,0,1
BRDA:78,12,1,1
BRDA:88,13,0,1
BRDA:88,13,1,1
BRDA:89,14,0,1
BRDA:89,14,1,1
BRDA:90,15,0,1
BRDA:90,15,1,1
BRDA:93,16,0,1
BRDA:93,16,1,0
BRDA:94,17,0,1
BRDA:94,17,1,0
BRDA:95,18,0,1
BRDA:95,18,1,1
BRDA:96,19,0,1
BRDA:96,19,1,1
BRDA:98,20,0,1
BRDA:98,20,1,1
BRDA:99,21,0,1
BRDA:99,21,1,1
BRDA:99,21,2,1
BRDA:107,22,0,1
BRDA:107,22,1,0
BRDA:128,23,0,1
BRDA:128,23,1,2
BRDA:135,24,0,1
BRDA:135,24,1,1
BRDA:164,25,0,1
BRDA:164,25,1,3
BRDA:171,26,0,1
BRDA:171,26,1,2
BRDA:179,27,0,2
BRDA:179,27,1,0
BRDA:180,28,0,0
BRDA:180,28,1,0
BRDA:182,29,0,0
BRDA:182,29,1,0
BRDA:185,30,0,1
BRDA:185,30,1,1
BRDA:210,31,0,1
BRDA:210,31,1,3
BRDA:215,32,0,1
BRDA:215,32,1,2
BRDA:220,33,0,1
BRDA:220,33,1,1
BRDA:229,34,0,1
BRDA:229,34,1,0
BRDA:242,35,0,1
BRDA:242,35,1,5
BRDA:249,36,0,1
BRDA:249,36,1,4
BRDA:254,37,0,1
BRDA:254,37,1,3
BRDA:261,38,0,1
BRDA:261,38,1,2
BRDA:267,39,0,1
BRDA:267,39,1,1
BRDA:282,40,0,1
BRDA:282,40,1,0
BRDA:282,41,0,1
BRDA:282,41,1,1
BRDA:282,42,0,0
BRDA:282,42,1,1
BRDA:282,43,0,1
BRDA:282,43,1,1
BRDA:282,44,0,0
BRDA:282,44,1,1
BRDA:282,45,0,1
BRDA:282,45,1,1
BRDA:282,46,0,0
BRDA:282,46,1,1
BRDA:282,47,0,1
BRDA:282,47,1,1
BRDA:283,48,0,1
BRDA:283,48,1,0
BRDA:283,49,0,1
BRDA:283,49,1,1
BRDA:283,50,0,0
BRDA:283,50,1,1
BRDA:283,51,0,1
BRDA:283,51,1,1
BRDA:294,52,0,1
BRDA:294,52,1,0
BRDA:323,53,0,1
BRDA:323,53,1,2
BRDA:323,54,0,3
BRDA:323,54,1,2
BRDA:328,55,0,1
BRDA:328,55,1,1
BRDA:341,56,0,2
BRDA:341,56,1,0
BRDA:365,57,0,1
BRDA:365,57,1,2
BRDA:370,58,0,1
BRDA:370,58,1,1
BRDA:382,59,0,1
BRDA:382,59,1,0
BRF:123
BRH:104
end_of_record
TN:
SF:src/modules/cookbook/sharedRecipeController.ts
FN:2,(anonymous_0)
FN:3,adopt
FN:3,(anonymous_2)
FN:4,(anonymous_3)
FN:5,fulfilled
FN:6,rejected
FN:7,step
FN:11,(anonymous_7)
FN:19,(anonymous_8)
FN:19,(anonymous_9)
FN:37,(anonymous_10)
FN:37,(anonymous_11)
FNF:12
FNH:11
FNDA:5,(anonymous_0)
FNDA:5,adopt
FNDA:0,(anonymous_2)
FNDA:5,(anonymous_3)
FNDA:3,fulfilled
FNDA:2,rejected
FNDA:10,step
FNDA:4,(anonymous_7)
FNDA:2,(anonymous_8)
FNDA:2,(anonymous_9)
FNDA:3,(anonymous_10)
FNDA:3,(anonymous_11)
DA:2,2
DA:3,5
DA:4,5
DA:5,3
DA:6,2
DA:7,10
DA:8,5
DA:11,2
DA:12,4
DA:14,2
DA:15,2
DA:16,2
DA:17,2
DA:19,2
DA:20,2
DA:21,2
DA:22,2
DA:26,1
DA:32,1
DA:33,1
DA:37,3
DA:38,3
DA:39,3
DA:40,3
DA:42,3
DA:46,2
DA:47,1
DA:48,1
DA:50,1
DA:53,1
DA:54,1
DA:57,2
LF:32
LH:32
BRDA:2,0,0,2
BRDA:2,0,1,2
BRDA:2,0,2,2
BRDA:3,1,0,5
BRDA:3,1,1,0
BRDA:4,2,0,5
BRDA:4,2,1,5
BRDA:7,3,0,5
BRDA:7,3,1,5
BRDA:8,4,0,5
BRDA:8,4,1,5
BRDA:11,5,0,2
BRDA:11,5,1,2
BRDA:11,5,2,2
BRDA:12,6,0,3
BRDA:12,6,1,1
BRDA:12,7,0,4
BRDA:12,7,1,4
BRDA:46,8,0,1
BRDA:46,8,1,1
BRF:20
BRH:19
end_of_record
TN:
SF:src/modules/fridge/fridgeController.ts
FN:2,(anonymous_0)
FN:3,adopt
FN:3,(anonymous_2)
FN:4,(anonymous_3)
FN:5,fulfilled
FN:6,rejected
FN:7,step
FN:11,(anonymous_7)
FN:21,(anonymous_8)
FN:21,(anonymous_9)
FN:40,(anonymous_10)
FN:40,(anonymous_11)
FN:60,(anonymous_12)
FN:60,(anonymous_13)
FN:89,(anonymous_14)
FN:113,(anonymous_15)
FN:113,(anonymous_16)
FN:142,(anonymous_17)
FN:166,(anonymous_18)
FN:166,(anonymous_19)
FN:182,(anonymous_20)
FN:192,(anonymous_21)
FN:192,(anonymous_22)
FN:231,(anonymous_23)
FN:231,(anonymous_24)
FN:248,(anonymous_25)
FN:255,(anonymous_26)
FNF:27
FNH:27
FNDA:36,(anonymous_0)
FNDA:34,adopt
FNDA:5,(anonymous_2)
FNDA:36,(anonymous_3)
FNDA:26,fulfilled
FNDA:8,rejected
FNDA:70,step
FNDA:4,(anonymous_7)
FNDA:3,(anonymous_8)
FNDA:3,(anonymous_9)
FNDA:3,(anonymous_10)
FNDA:3,(anonymous_11)
FNDA:8,(anonymous_12)
FNDA:8,(anonymous_13)
FNDA:1,(anonymous_14)
FNDA:8,(anonymous_15)
FNDA:8,(anonymous_16)
FNDA:1,(anonymous_17)
FNDA:4,(anonymous_18)
FNDA:4,(anonymous_19)
FNDA:1,(anonymous_20)
FNDA:5,(anonymous_21)
FNDA:5,(anonymous_22)
FNDA:5,(anonymous_23)
FNDA:5,(anonymous_24)
FNDA:1,(anonymous_25)
FNDA:1,(anonymous_26)
DA:2,2
DA:3,34
DA:4,36
DA:5,26
DA:6,8
DA:7,70
DA:8,36
DA:11,2
DA:12,4
DA:14,2
DA:15,2
DA:16,2
DA:17,2
DA:18,2
DA:19,2
DA:21,3
DA:22,3
DA:23,3
DA:25,3
DA:26,1
DA:27,1
DA:28,1
DA:30,2
DA:31,1
DA:32,1
DA:35,1
DA:36,1
DA:40,3
DA:41,3
DA:42,3
DA:43,3
DA:45,3
DA:46,2
DA:47,1
DA:48,1
DA:49,1
DA:51,1
DA:52,1
DA:55,1
DA:56,1
DA:60,8
DA:61,8
DA:62,8
DA:63,8
DA:64,8
DA:66,8
DA:67,1
DA:68,1
DA:69,1
DA:71,7
DA:72,1
DA:73,1
DA:74,1
DA:76,6
DA:77,1
DA:78,1
DA:79,1
DA:82,5
DA:83,4
DA:84,1
DA:85,1
DA:86,1
DA:89,3
DA:90,3
DA:91,1
DA:92,1
DA:93,1
DA:96,2
DA:97,2
DA:98,2
DA:100,2
DA:101,2
DA:102,1
DA:104,2
DA:105,2
DA:108,1
DA:109,1
DA:113,8
DA:114,8
DA:115,8
DA:116,8
DA:117,8
DA:119,8
DA:120,1
DA:121,1
DA:122,1
DA:124,7
DA:125,1
DA:126,1
DA:127,1
DA:129,6
DA:130,2
DA:131,2
DA:132,2
DA:135,4
DA:136,3
DA:137,1
DA:138,1
DA:139,1
DA:142,2
DA:143,2
DA:144,1
DA:145,1
DA:146,1
DA:149,1
DA:150,1
DA:151,1
DA:153,1
DA:154,1
DA:155,1
DA:157,1
DA:158,1
DA:161,1
DA:162,1
DA:166,4
DA:167,4
DA:168,4
DA:169,4
DA:170,4
DA:171,4
DA:172,1
DA:173,1
DA:176,3
DA:177,2
DA:178,1
DA:179,1
DA:180,1
DA:182,1
DA:183,1
DA:184,1
DA:187,1
DA:188,1
DA:192,5
DA:193,5
DA:194,5
DA:195,5
DA:196,5
DA:197,5
DA:198,2
DA:199,2
DA:201,3
DA:202,2
DA:203,1
DA:204,1
DA:205,1
DA:208,1
DA:209,1
DA:210,2
DA:213,1
DA:214,1
DA:215,2
DA:216,2
DA:220,1
DA:221,1
DA:222,1
DA:223,1
DA:226,1
DA:227,1
DA:231,5
DA:232,5
DA:233,5
DA:234,5
DA:235,5
DA:237,3
DA:238,0
DA:239,0
DA:240,0
DA:242,3
DA:243,1
DA:244,1
DA:245,1
DA:248,2
DA:249,2
DA:250,1
DA:251,1
DA:252,1
DA:255,1
DA:256,1
DA:258,1
DA:259,1
DA:260,1
DA:262,1
DA:263,1
DA:266,2
DA:267,2
DA:270,2
LF:186
LH:183
BRDA:2,0,0,2
BRDA:2,0,1,2
BRDA:2,0,2,2
BRDA:3,1,0,29
BRDA:3,1,1,5
BRDA:4,2,0,36
BRDA:4,2,1,36
BRDA:7,3,0,36
BRDA:7,3,1,34
BRDA:8,4,0,36
BRDA:8,4,1,36
BRDA:11,5,0,2
BRDA:11,5,1,2
BRDA:11,5,2,2
BRDA:12,6,0,3
BRDA:12,6,1,1
BRDA:12,7,0,4
BRDA:12,7,1,4
BRDA:25,8,0,1
BRDA:25,8,1,2
BRDA:46,9,0,1
BRDA:46,9,1,1
BRDA:66,10,0,1
BRDA:66,10,1,7
BRDA:71,11,0,1
BRDA:71,11,1,6
BRDA:76,12,0,1
BRDA:76,12,1,5
BRDA:76,13,0,6
BRDA:76,13,1,6
BRDA:76,13,2,6
BRDA:76,13,3,5
BRDA:83,14,0,1
BRDA:83,14,1,3
BRDA:90,15,0,1
BRDA:90,15,1,2
BRDA:101,16,0,1
BRDA:101,16,1,1
BRDA:119,17,0,1
BRDA:119,17,1,7
BRDA:124,18,0,1
BRDA:124,18,1,6
BRDA:129,19,0,2
BRDA:129,19,1,4
BRDA:129,20,0,6
BRDA:129,20,1,5
BRDA:129,20,2,5
BRDA:136,21,0,1
BRDA:136,21,1,2
BRDA:143,22,0,1
BRDA:143,22,1,1
BRDA:154,23,0,1
BRDA:154,23,1,0
BRDA:171,24,0,1
BRDA:171,24,1,3
BRDA:177,25,0,1
BRDA:177,25,1,1
BRDA:197,26,0,2
BRDA:197,26,1,3
BRDA:197,27,0,5
BRDA:197,27,1,4
BRDA:202,28,0,1
BRDA:202,28,1,1
BRDA:215,29,0,2
BRDA:215,29,1,0
BRDA:237,30,0,0
BRDA:237,30,1,3
BRDA:242,31,0,1
BRDA:242,31,1,2
BRDA:249,32,0,1
BRDA:249,32,1,1
BRDA:259,33,0,1
BRDA:259,33,1,0
BRF:73
BRH:69
end_of_record
TN:
SF:src/modules/fridge/groceriesController.ts
FN:2,(anonymous_0)
FN:3,adopt
FN:3,(anonymous_2)
FN:4,(anonymous_3)
FN:5,fulfilled
FN:6,rejected
FN:7,step
FN:11,(anonymous_7)
FN:19,(anonymous_8)
FN:19,(anonymous_9)
FN:39,(anonymous_10)
FN:39,(anonymous_11)
FN:58,(anonymous_12)
FN:77,(anonymous_13)
FN:77,(anonymous_14)
FN:96,(anonymous_15)
FN:115,(anonymous_16)
FN:115,(anonymous_17)
FN:131,(anonymous_18)
FN:141,(anonymous_19)
FN:141,(anonymous_20)
FN:180,(anonymous_21)
FN:180,(anonymous_22)
FN:192,(anonymous_23)
FN:199,(anonymous_24)
FNF:25
FNH:24
FNDA:18,(anonymous_0)
FNDA:18,adopt
FNDA:0,(anonymous_2)
FNDA:18,(anonymous_3)
FNDA:17,fulfilled
FNDA:1,rejected
FNDA:36,step
FNDA:4,(anonymous_7)
FNDA:3,(anonymous_8)
FNDA:3,(anonymous_9)
FNDA:4,(anonymous_10)
FNDA:4,(anonymous_11)
FNDA:1,(anonymous_12)
FNDA:4,(anonymous_13)
FNDA:4,(anonymous_14)
FNDA:1,(anonymous_15)
FNDA:2,(anonymous_16)
FNDA:2,(anonymous_17)
FNDA:1,(anonymous_18)
FNDA:2,(anonymous_19)
FNDA:2,(anonymous_20)
FNDA:3,(anonymous_21)
FNDA:3,(anonymous_22)
FNDA:1,(anonymous_23)
FNDA:1,(anonymous_24)
DA:2,2
DA:3,18
DA:4,18
DA:5,17
DA:6,1
DA:7,36
DA:8,18
DA:11,2
DA:12,4
DA:14,2
DA:15,2
DA:16,2
DA:17,2
DA:19,3
DA:20,3
DA:21,3
DA:22,3
DA:24,3
DA:25,2
DA:26,1
DA:27,1
DA:28,1
DA:30,1
DA:31,1
DA:34,1
DA:35,1
DA:39,4
DA:40,4
DA:41,4
DA:42,4
DA:43,4
DA:45,4
DA:46,1
DA:47,1
DA:48,1
DA:51,3
DA:52,3
DA:53,1
DA:54,1
DA:55,1
DA:58,2
DA:59,2
DA:60,1
DA:61,1
DA:62,1
DA:65,1
DA:66,1
DA:67,1
DA:68,1
DA:69,1
DA:72,0
DA:73,0
DA:77,4
DA:78,4
DA:79,4
DA:80,4
DA:81,4
DA:83,4
DA:84,1
DA:85,1
DA:86,1
DA:89,3
DA:90,3
DA:91,1
DA:92,1
DA:93,1
DA:96,2
DA:97,2
DA:98,1
DA:99,1
DA:100,1
DA:103,1
DA:104,1
DA:105,1
DA:106,1
DA:107,1
DA:110,0
DA:111,0
DA:115,2
DA:116,2
DA:117,2
DA:118,2
DA:119,2
DA:120,2
DA:121,1
DA:122,1
DA:125,1
DA:126,1
DA:127,0
DA:128,0
DA:129,0
DA:131,1
DA:132,1
DA:133,1
DA:136,0
DA:137,0
DA:141,2
DA:142,2
DA:143,2
DA:144,2
DA:145,2
DA:146,2
DA:147,1
DA:148,1
DA:150,1
DA:151,1
DA:152,0
DA:153,0
DA:154,0
DA:157,1
DA:158,1
DA:159,2
DA:162,1
DA:163,1
DA:164,2
DA:165,2
DA:169,1
DA:170,1
DA:171,1
DA:172,1
DA:175,0
DA:176,0
DA:180,3
DA:181,3
DA:182,3
DA:183,3
DA:185,3
DA:186,3
DA:187,1
DA:188,1
DA:189,1
DA:192,2
DA:193,2
DA:194,1
DA:195,1
DA:196,1
DA:199,1
DA:201,1
DA:202,1
DA:203,1
DA:206,0
DA:207,0
DA:210,2
LF:143
LH:127
BRDA:2,0,0,2
BRDA:2,0,1,2
BRDA:2,0,2,2
BRDA:3,1,0,18
BRDA:3,1,1,0
BRDA:4,2,0,18
BRDA:4,2,1,18
BRDA:7,3,0,18
BRDA:7,3,1,18
BRDA:8,4,0,18
BRDA:8,4,1,18
BRDA:11,5,0,2
BRDA:11,5,1,2
BRDA:11,5,2,2
BRDA:12,6,0,2
BRDA:12,6,1,2
BRDA:12,7,0,4
BRDA:12,7,1,4
BRDA:25,8,0,1
BRDA:25,8,1,1
BRDA:45,9,0,1
BRDA:45,9,1,3
BRDA:45,10,0,4
BRDA:45,10,1,3
BRDA:45,10,2,3
BRDA:45,10,3,3
BRDA:52,11,0,1
BRDA:52,11,1,2
BRDA:59,12,0,1
BRDA:59,12,1,1
BRDA:83,13,0,1
BRDA:83,13,1,3
BRDA:83,14,0,4
BRDA:83,14,1,4
BRDA:83,14,2,3
BRDA:90,15,0,1
BRDA:90,15,1,2
BRDA:97,16,0,1
BRDA:97,16,1,1
BRDA:120,17,0,1
BRDA:120,17,1,1
BRDA:126,18,0,0
BRDA:126,18,1,1
BRDA:146,19,0,1
BRDA:146,19,1,1
BRDA:146,20,0,2
BRDA:146,20,1,2
BRDA:151,21,0,0
BRDA:151,21,1,1
BRDA:164,22,0,2
BRDA:164,22,1,0
BRDA:186,23,0,1
BRDA:186,23,1,2
BRDA:193,24,0,1
BRDA:193,24,1,1
BRF:55
BRH:51
end_of_record
TN:
SF:src/modules/ingredients/ingredientController.ts
FN:2,(anonymous_0)
FN:3,adopt
FN:3,(anonymous_2)
FN:4,(anonymous_3)
FN:5,fulfilled
FN:6,rejected
FN:7,step
FN:11,(anonymous_7)
FN:23,(anonymous_8)
FN:23,(anonymous_9)
FN:35,(anonymous_10)
FN:35,(anonymous_11)
FN:58,(anonymous_12)
FN:58,(anonymous_13)
FN:93,(anonymous_14)
FN:93,(anonymous_15)
FN:106,(anonymous_16)
FN:112,(anonymous_17)
FN:137,(anonymous_18)
FN:137,(anonymous_19)
FN:151,(anonymous_20)
FN:175,(anonymous_21)
FN:175,(anonymous_22)
FN:188,(anonymous_23)
FNF:24
FNH:23
FNDA:15,(anonymous_0)
FNDA:11,adopt
FNDA:0,(anonymous_2)
FNDA:15,(anonymous_3)
FNDA:10,fulfilled
FNDA:1,rejected
FNDA:26,step
FNDA:8,(anonymous_7)
FNDA:2,(anonymous_8)
FNDA:2,(anonymous_9)
FNDA:2,(anonymous_10)
FNDA:2,(anonymous_11)
FNDA:3,(anonymous_12)
FNDA:3,(anonymous_13)
FNDA:3,(anonymous_14)
FNDA:3,(anonymous_15)
FNDA:2,(anonymous_16)
FNDA:2,(anonymous_17)
FNDA:3,(anonymous_18)
FNDA:3,(anonymous_19)
FNDA:1,(anonymous_20)
FNDA:2,(anonymous_21)
FNDA:2,(anonymous_22)
FNDA:1,(anonymous_23)
DA:2,2
DA:3,11
DA:4,15
DA:5,10
DA:6,1
DA:7,26
DA:8,15
DA:11,2
DA:12,8
DA:14,2
DA:15,2
DA:16,2
DA:17,2
DA:18,2
DA:19,2
DA:20,2
DA:21,2
DA:23,2
DA:24,2
DA:25,2
DA:26,1
DA:27,1
DA:30,1
DA:31,1
DA:35,2
DA:36,2
DA:37,2
DA:38,0
DA:39,0
DA:40,0
DA:42,2
DA:43,2
DA:44,0
DA:45,0
DA:46,0
DA:47,0
DA:49,0
DA:50,0
DA:53,2
DA:54,2
DA:58,3
DA:59,3
DA:61,3
DA:63,3
DA:64,1
DA:65,1
DA:66,1
DA:69,2
DA:70,2
DA:71,2
DA:73,2
DA:74,0
DA:77,2
DA:79,0
DA:80,0
DA:81,0
DA:82,0
DA:84,0
DA:85,0
DA:88,2
DA:89,2
DA:93,3
DA:94,3
DA:95,3
DA:96,3
DA:97,1
DA:98,1
DA:99,1
DA:101,2
DA:103,2
DA:104,2
DA:106,2
DA:107,2
DA:108,2
DA:110,2
DA:112,2
DA:113,1
DA:114,1
DA:115,1
DA:118,1
DA:125,1
DA:127,1
DA:128,1
DA:129,1
DA:132,0
DA:133,0
DA:137,3
DA:138,3
DA:139,3
DA:140,3
DA:141,3
DA:142,1
DA:143,1
DA:144,1
DA:146,2
DA:148,2
DA:149,2
DA:151,2
DA:152,2
DA:153,1
DA:154,1
DA:155,1
DA:158,1
DA:159,1
DA:160,1
DA:161,1
DA:162,1
DA:163,0
DA:165,1
DA:166,1
DA:167,1
DA:170,0
DA:171,0
DA:175,2
DA:176,2
DA:177,2
DA:178,2
DA:179,0
DA:180,0
DA:181,0
DA:183,2
DA:185,2
DA:186,2
DA:188,2
DA:189,2
DA:190,1
DA:191,1
DA:192,1
DA:195,1
DA:197,1
DA:198,1
DA:199,1
DA:202,0
DA:203,0
DA:206,2
LF:135
LH:109
BRDA:2,0,0,2
BRDA:2,0,1,2
BRDA:2,0,2,2
BRDA:3,1,0,11
BRDA:3,1,1,0
BRDA:4,2,0,15
BRDA:4,2,1,15
BRDA:7,3,0,15
BRDA:7,3,1,11
BRDA:8,4,0,15
BRDA:8,4,1,15
BRDA:11,5,0,2
BRDA:11,5,1,2
BRDA:11,5,2,2
BRDA:12,6,0,2
BRDA:12,6,1,6
BRDA:12,7,0,8
BRDA:12,7,1,8
BRDA:37,8,0,0
BRDA:37,8,1,2
BRDA:44,9,0,0
BRDA:44,9,1,0
BRDA:63,10,0,1
BRDA:63,10,1,2
BRDA:63,11,0,3
BRDA:63,11,1,1
BRDA:70,12,0,2
BRDA:70,12,1,0
BRDA:73,13,0,0
BRDA:73,13,1,2
BRDA:79,14,0,0
BRDA:79,14,1,0
BRDA:96,15,0,1
BRDA:96,15,1,2
BRDA:96,16,0,3
BRDA:96,16,1,2
BRDA:108,17,0,2
BRDA:108,17,1,0
BRDA:112,18,0,1
BRDA:112,18,1,1
BRDA:141,19,0,1
BRDA:141,19,1,2
BRDA:141,20,0,3
BRDA:141,20,1,3
BRDA:141,20,2,1
BRDA:152,21,0,1
BRDA:152,21,1,1
BRDA:158,22,0,1
BRDA:158,22,1,0
BRDA:160,23,0,1
BRDA:160,23,1,0
BRDA:162,24,0,0
BRDA:162,24,1,1
BRDA:178,25,0,0
BRDA:178,25,1,2
BRDA:189,26,0,1
BRDA:189,26,1,1
BRF:57
BRH:44
end_of_record
TN:
SF:src/modules/ingredients/recognitionController.ts
FN:2,(anonymous_0)
FN:3,adopt
FN:3,(anonymous_2)
FN:4,(anonymous_3)
FN:5,fulfilled
FN:6,rejected
FN:7,step
FN:11,(anonymous_7)
FN:21,(anonymous_8)
FN:21,(anonymous_9)
FN:64,(anonymous_10)
FNF:11
FNH:9
FNDA:7,(anonymous_0)
FNDA:8,adopt
FNDA:0,(anonymous_2)
FNDA:7,(anonymous_3)
FNDA:7,fulfilled
FNDA:1,rejected
FNDA:15,step
FNDA:4,(anonymous_7)
FNDA:7,(anonymous_8)
FNDA:7,(anonymous_9)
FNDA:0,(anonymous_10)
DA:2,2
DA:3,8
DA:4,7
DA:5,7
DA:6,1
DA:7,15
DA:8,7
DA:11,2
DA:12,4
DA:14,2
DA:15,2
DA:16,2
DA:17,2
DA:18,2
DA:19,2
DA:21,7
DA:22,7
DA:23,7
DA:24,7
DA:27,7
DA:28,2
DA:29,2
DA:30,1
DA:31,1
DA:32,1
DA:34,1
DA:35,1
DA:36,1
DA:37,1
DA:40,5
DA:41,5
DA:42,1
DA:43,1
DA:44,1
DA:46,4
DA:47,4
DA:49,2
DA:50,1
DA:51,1
DA:53,1
DA:54,1
DA:55,1
DA:57,1
DA:58,1
DA:60,2
DA:64,4
DA:65,0
DA:70,1
DA:71,1
DA:74,2
DA:75,2
LF:51
LH:50
BRDA:2,0,0,2
BRDA:2,0,1,2
BRDA:2,0,2,2
BRDA:3,1,0,8
BRDA:3,1,1,0
BRDA:4,2,0,7
BRDA:4,2,1,7
BRDA:7,3,0,7
BRDA:7,3,1,8
BRDA:8,4,0,7
BRDA:8,4,1,7
BRDA:11,5,0,2
BRDA:11,5,1,2
BRDA:11,5,2,2
BRDA:12,6,0,0
BRDA:12,6,1,4
BRDA:12,7,0,4
BRDA:12,7,1,4
BRDA:27,8,0,2
BRDA:27,8,1,5
BRDA:29,9,0,1
BRDA:29,9,1,1
BRDA:41,10,0,1
BRDA:41,10,1,4
BRDA:47,11,0,2
BRDA:47,11,1,1
BRDA:47,11,2,1
BRF:27
BRH:25
end_of_record
TN:
SF:src/modules/notifications/notificationController.ts
FN:2,(anonymous_0)
FN:3,adopt
FN:3,(anonymous_2)
FN:4,(anonymous_3)
FN:5,fulfilled
FN:6,rejected
FN:7,step
FN:11,(anonymous_7)
FN:21,(anonymous_8)
FN:21,(anonymous_9)
FN:32,(anonymous_10)
FN:48,(anonymous_11)
FN:48,(anonymous_12)
FN:66,(anonymous_13)
FN:66,(anonymous_14)
FN:123,(anonymous_15)
FN:123,(anonymous_16)
FN:153,(anonymous_17)
FN:153,(anonymous_18)
FNF:19
FNH:16
FNDA:15,(anonymous_0)
FNDA:9,adopt
FNDA:0,(anonymous_2)
FNDA:15,(anonymous_3)
FNDA:9,fulfilled
FNDA:0,rejected
FNDA:24,step
FNDA:6,(anonymous_7)
FNDA:1,(anonymous_8)
FNDA:1,(anonymous_9)
FNDA:0,(anonymous_10)
FNDA:2,(anonymous_11)
FNDA:2,(anonymous_12)
FNDA:5,(anonymous_13)
FNDA:5,(anonymous_14)
FNDA:4,(anonymous_15)
FNDA:4,(anonymous_16)
FNDA:3,(anonymous_17)
FNDA:3,(anonymous_18)
DA:2,2
DA:3,9
DA:4,15
DA:5,9
DA:6,0
DA:7,24
DA:8,15
DA:11,2
DA:12,6
DA:14,2
DA:15,2
DA:16,2
DA:17,2
DA:18,2
DA:19,2
DA:21,2
DA:22,1
DA:23,1
DA:32,0
DA:35,1
DA:36,1
DA:38,1
DA:39,1
DA:43,0
DA:44,0
DA:48,2
DA:49,2
DA:50,2
DA:52,2
DA:57,1
DA:58,1
DA:61,1
DA:62,1
DA:66,5
DA:67,5
DA:68,5
DA:69,5
DA:70,0
DA:71,0
DA:72,0
DA:75,5
DA:76,5
DA:77,1
DA:78,1
DA:79,1
DA:81,4
DA:82,0
DA:83,0
DA:84,0
DA:87,4
DA:89,1
DA:90,1
DA:93,1
DA:96,3
DA:106,2
DA:108,2
DA:109,1
DA:113,1
DA:115,2
DA:118,1
DA:119,1
DA:123,4
DA:124,4
DA:125,4
DA:126,4
DA:127,4
DA:129,4
DA:131,1
DA:132,1
DA:135,1
DA:138,3
DA:139,2
DA:140,1
DA:141,1
DA:142,1
DA:144,1
DA:145,1
DA:148,1
DA:149,1
DA:153,3
DA:154,3
DA:155,3
DA:156,3
DA:157,3
DA:161,2
DA:162,1
DA:163,1
DA:164,1
DA:166,1
DA:167,1
DA:170,1
DA:171,1
DA:174,2
LF:93
LH:83
BRDA:2,0,0,2
BRDA:2,0,1,2
BRDA:2,0,2,2
BRDA:3,1,0,9
BRDA:3,1,1,0
BRDA:4,2,0,15
BRDA:4,2,1,15
BRDA:7,3,0,15
BRDA:7,3,1,9
BRDA:8,4,0,15
BRDA:8,4,1,15
BRDA:11,5,0,2
BRDA:11,5,1,2
BRDA:11,5,2,2
BRDA:12,6,0,3
BRDA:12,6,1,3
BRDA:12,7,0,6
BRDA:12,7,1,6
BRDA:31,8,0,0
BRDA:31,8,1,1
BRDA:38,9,0,1
BRDA:38,9,1,0
BRDA:38,10,0,1
BRDA:38,10,1,1
BRDA:69,11,0,0
BRDA:69,11,1,5
BRDA:76,12,0,1
BRDA:76,12,1,4
BRDA:81,13,0,0
BRDA:81,13,1,4
BRDA:81,14,0,4
BRDA:81,14,1,4
BRDA:81,14,2,4
BRDA:87,15,0,1
BRDA:87,15,1,3
BRDA:87,16,0,4
BRDA:87,16,1,3
BRDA:87,16,2,1
BRDA:87,16,3,0
BRDA:108,17,0,1
BRDA:108,17,1,1
BRDA:129,18,0,1
BRDA:129,18,1,3
BRDA:129,19,0,4
BRDA:129,19,1,3
BRDA:129,19,2,1
BRDA:129,19,3,0
BRDA:139,20,0,1
BRDA:139,20,1,1
BRDA:161,21,0,1
BRDA:161,21,1,1
BRF:51
BRH:44
end_of_record
TN:
SF:src/modules/recipes/recipeController.ts
FN:2,(anonymous_0)
FN:3,adopt
FN:3,(anonymous_2)
FN:4,(anonymous_3)
FN:5,fulfilled
FN:6,rejected
FN:7,step
FN:11,(anonymous_7)
FN:22,(anonymous_8)
FN:33,(anonymous_9)
FN:33,(anonymous_10)
FN:78,(anonymous_11)
FN:78,(anonymous_12)
FNF:13
FNH:12
FNDA:10,(anonymous_0)
FNDA:8,adopt
FNDA:0,(anonymous_2)
FNDA:10,(anonymous_3)
FNDA:5,fulfilled
FNDA:3,rejected
FNDA:18,step
FNDA:5,(anonymous_7)
FNDA:2,(anonymous_8)
FNDA:5,(anonymous_9)
FNDA:5,(anonymous_10)
FNDA:5,(anonymous_11)
FNDA:5,(anonymous_12)
DA:2,2
DA:3,8
DA:4,10
DA:5,5
DA:6,3
DA:7,18
DA:8,10
DA:11,2
DA:12,5
DA:13,6
DA:14,1
DA:15,5
DA:16,5
DA:17,0
DA:18,0
DA:20,5
DA:22,2
DA:23,2
DA:25,2
DA:26,2
DA:27,2
DA:28,2
DA:29,2
DA:30,2
DA:31,2
DA:33,5
DA:34,5
DA:35,5
DA:36,5
DA:37,1
DA:38,1
DA:39,1
DA:42,4
DA:44,4
DA:45,1
DA:46,1
DA:47,1
DA:49,3
DA:51,3
DA:54,3
DA:56,2
DA:57,2
DA:58,2
DA:59,2
DA:62,1
DA:65,1
DA:66,1
DA:68,2
DA:69,2
DA:72,1
DA:73,1
DA:76,2
DA:78,5
DA:79,5
DA:80,5
DA:81,5
DA:82,5
DA:83,1
DA:84,1
DA:85,1
DA:87,4
DA:88,1
DA:89,1
DA:90,1
DA:92,3
DA:96,2
DA:97,1
DA:98,1
DA:99,1
DA:101,1
DA:102,1
DA:105,1
DA:106,1
DA:109,2
LF:74
LH:72
BRDA:2,0,0,2
BRDA:2,0,1,2
BRDA:2,0,2,2
BRDA:3,1,0,8
BRDA:3,1,1,0
BRDA:4,2,0,10
BRDA:4,2,1,10
BRDA:7,3,0,10
BRDA:7,3,1,8
BRDA:8,4,0,10
BRDA:8,4,1,10
BRDA:11,5,0,2
BRDA:11,5,1,2
BRDA:11,5,2,2
BRDA:13,6,0,1
BRDA:13,6,1,5
BRDA:13,7,0,6
BRDA:13,7,1,6
BRDA:15,8,0,5
BRDA:15,8,1,0
BRDA:15,9,0,5
BRDA:15,9,1,5
BRDA:17,10,0,0
BRDA:17,10,1,0
BRDA:17,11,0,0
BRDA:17,11,1,0
BRDA:22,12,0,2
BRDA:22,12,1,2
BRDA:22,12,2,2
BRDA:23,13,0,0
BRDA:23,13,1,2
BRDA:23,14,0,2
BRDA:23,14,1,2
BRDA:36,15,0,1
BRDA:36,15,1,4
BRDA:42,16,0,4
BRDA:42,16,1,3
BRDA:42,16,2,2
BRDA:42,16,3,1
BRDA:44,17,0,1
BRDA:44,17,1,3
BRDA:51,18,0,1
BRDA:51,18,1,2
BRDA:60,19,0,2
BRDA:60,19,1,0
BRDA:82,20,0,1
BRDA:82,20,1,4
BRDA:87,21,0,1
BRDA:87,21,1,3
BRDA:96,22,0,1
BRDA:96,22,1,1
BRDA:106,23,0,1
BRDA:106,23,1,0
BRF:53
BRH:44
end_of_record
TN:
SF:src/modules/users/authController.ts
FN:2,(anonymous_0)
FN:3,adopt
FN:3,(anonymous_2)
FN:4,(anonymous_3)
FN:5,fulfilled
FN:6,rejected
FN:7,step
FN:11,(anonymous_7)
FN:25,(anonymous_8)
FN:25,(anonymous_9)
FN:86,(anonymous_10)
FN:86,(anonymous_11)
FN:114,(anonymous_12)
FN:114,(anonymous_13)
FN:165,(anonymous_14)
FN:165,(anonymous_15)
FN:183,(anonymous_16)
FN:183,(anonymous_17)
FN:223,(anonymous_18)
FN:223,(anonymous_19)
FN:251,(anonymous_20)
FN:251,(anonymous_21)
FN:277,(anonymous_22)
FN:277,(anonymous_23)
FN:306,(anonymous_24)
FN:306,(anonymous_25)
FNF:26
FNH:25
FNDA:30,(anonymous_0)
FNDA:55,adopt
FNDA:0,(anonymous_2)
FNDA:30,(anonymous_3)
FNDA:52,fulfilled
FNDA:3,rejected
FNDA:85,step
FNDA:3,(anonymous_7)
FNDA:2,(anonymous_8)
FNDA:2,(anonymous_9)
FNDA:3,(anonymous_10)
FNDA:3,(anonymous_11)
FNDA:5,(anonymous_12)
FNDA:5,(anonymous_13)
FNDA:3,(anonymous_14)
FNDA:3,(anonymous_15)
FNDA:4,(anonymous_16)
FNDA:4,(anonymous_17)
FNDA:3,(anonymous_18)
FNDA:3,(anonymous_19)
FNDA:3,(anonymous_20)
FNDA:3,(anonymous_21)
FNDA:3,(anonymous_22)
FNDA:3,(anonymous_23)
FNDA:4,(anonymous_24)
FNDA:4,(anonymous_25)
DA:2,1
DA:3,55
DA:4,30
DA:5,52
DA:6,3
DA:7,85
DA:8,30
DA:11,1
DA:12,3
DA:14,1
DA:15,1
DA:16,1
DA:17,1
DA:18,1
DA:19,1
DA:20,1
DA:21,1
DA:22,1
DA:23,1
DA:25,2
DA:26,2
DA:27,2
DA:28,2
DA:32,2
DA:33,2
DA:34,0
DA:35,0
DA:36,0
DA:38,2
DA:39,2
DA:41,2
DA:42,0
DA:43,0
DA:46,0
DA:48,2
DA:49,0
DA:50,0
DA:58,0
DA:59,0
DA:62,2
DA:65,2
DA:66,2
DA:67,0
DA:68,0
DA:71,2
DA:72,2
DA:73,2
DA:74,2
DA:81,0
DA:82,0
DA:86,3
DA:87,3
DA:88,3
DA:89,3
DA:90,3
DA:91,3
DA:92,3
DA:99,2
DA:100,2
DA:101,2
DA:102,2
DA:104,2
DA:105,2
DA:106,2
DA:109,1
DA:110,1
DA:114,5
DA:115,5
DA:117,5
DA:118,5
DA:119,1
DA:120,1
DA:121,1
DA:124,4
DA:125,1
DA:128,1
DA:131,3
DA:132,3
DA:133,1
DA:134,1
DA:135,1
DA:138,2
DA:139,1
DA:140,1
DA:143,1
DA:144,1
DA:145,0
DA:146,0
DA:149,1
DA:150,1
DA:151,1
DA:153,1
DA:160,0
DA:161,0
DA:165,3
DA:166,3
DA:167,3
DA:168,1
DA:169,1
DA:171,2
DA:172,2
DA:173,1
DA:174,1
DA:175,1
DA:178,1
DA:179,1
DA:183,4
DA:185,4
DA:186,4
DA:187,4
DA:188,1
DA:189,1
DA:192,3
DA:193,3
DA:194,1
DA:195,1
DA:198,2
DA:199,2
DA:200,1
DA:203,1
DA:204,1
DA:206,1
DA:207,1
DA:208,1
DA:213,1
DA:216,0
DA:217,0
DA:218,0
DA:221,1
DA:223,3
DA:224,3
DA:225,3
DA:226,1
DA:227,1
DA:229,2
DA:230,2
DA:231,2
DA:235,1
DA:236,1
DA:239,1
DA:240,1
DA:241,1
DA:242,1
DA:243,1
DA:246,0
DA:247,0
DA:251,3
DA:252,3
DA:253,3
DA:254,1
DA:255,1
DA:257,2
DA:258,2
DA:259,2
DA:260,1
DA:261,1
DA:263,1
DA:264,1
DA:265,1
DA:266,1
DA:267,1
DA:268,1
DA:269,1
DA:272,0
DA:273,0
DA:277,3
DA:278,3
DA:279,3
DA:280,1
DA:281,1
DA:283,2
DA:284,2
DA:285,2
DA:286,1
DA:287,1
DA:289,1
DA:290,1
DA:291,1
DA:292,1
DA:294,1
DA:295,1
DA:296,1
DA:299,0
DA:300,0
DA:306,4
DA:307,4
DA:308,4
DA:309,1
DA:312,1
DA:314,3
DA:315,3
DA:316,3
DA:320,1
DA:321,1
DA:324,2
DA:325,2
DA:326,2
DA:327,2
DA:328,2
DA:329,1
DA:332,1
DA:333,1
DA:336,1
LF:203
LH:176
BRDA:2,0,0,1
BRDA:2,0,1,1
BRDA:2,0,2,1
BRDA:3,1,0,55
BRDA:3,1,1,0
BRDA:4,2,0,30
BRDA:4,2,1,30
BRDA:7,3,0,30
BRDA:7,3,1,55
BRDA:8,4,0,30
BRDA:8,4,1,30
BRDA:11,5,0,1
BRDA:11,5,1,1
BRDA:11,5,2,1
BRDA:12,6,0,1
BRDA:12,6,1,2
BRDA:12,7,0,3
BRDA:12,7,1,3
BRDA:33,8,0,0
BRDA:33,8,1,2
BRDA:41,9,0,0
BRDA:41,9,1,2
BRDA:41,10,0,2
BRDA:41,10,1,2
BRDA:41,10,2,2
BRDA:48,11,0,0
BRDA:48,11,1,2
BRDA:51,12,0,0
BRDA:51,12,1,0
BRDA:52,13,0,0
BRDA:52,13,1,0
BRDA:53,14,0,0
BRDA:53,14,1,0
BRDA:66,15,0,0
BRDA:66,15,1,2
BRDA:118,16,0,1
BRDA:118,16,1,4
BRDA:124,17,0,1
BRDA:124,17,1,3
BRDA:132,18,0,1
BRDA:132,18,1,2
BRDA:138,19,0,1
BRDA:138,19,1,1
BRDA:144,20,0,0
BRDA:144,20,1,1
BRDA:167,21,0,1
BRDA:167,21,1,2
BRDA:186,22,0,1
BRDA:186,22,1,3
BRDA:186,23,0,4
BRDA:186,23,1,4
BRDA:187,24,0,1
BRDA:187,24,1,3
BRDA:193,25,0,1
BRDA:193,25,1,2
BRDA:199,26,0,1
BRDA:199,26,1,1
BRDA:225,27,0,1
BRDA:225,27,1,2
BRDA:225,28,0,3
BRDA:225,28,1,3
BRDA:231,29,0,1
BRDA:231,29,1,1
BRDA:231,30,0,2
BRDA:231,30,1,2
BRDA:231,30,2,1
BRDA:231,30,3,1
BRDA:253,31,0,1
BRDA:253,31,1,2
BRDA:259,32,0,1
BRDA:259,32,1,1
BRDA:279,33,0,1
BRDA:279,33,1,2
BRDA:285,34,0,1
BRDA:285,34,1,1
BRDA:308,35,0,1
BRDA:308,35,1,3
BRDA:308,36,0,4
BRDA:308,36,1,4
BRDA:308,36,2,4
BRDA:316,37,0,1
BRDA:316,37,1,2
BRDA:316,38,0,3
BRDA:316,38,1,3
BRDA:316,38,2,2
BRDA:316,38,3,2
BRF:86
BRH:74
end_of_record
TN:
SF:src/modules/users/friendsController.ts
FN:2,(anonymous_0)
FN:3,adopt
FN:3,(anonymous_2)
FN:4,(anonymous_3)
FN:5,fulfilled
FN:6,rejected
FN:7,step
FN:11,(anonymous_7)
FN:23,(anonymous_8)
FN:23,(anonymous_9)
FN:37,(anonymous_10)
FN:37,(anonymous_11)
FN:51,(anonymous_12)
FN:51,(anonymous_13)
FN:66,(anonymous_14)
FN:123,(anonymous_15)
FN:123,(anonymous_16)
FN:157,(anonymous_17)
FN:157,(anonymous_18)
FN:238,(anonymous_19)
FN:238,(anonymous_20)
FN:261,(anonymous_21)
FN:261,(anonymous_22)
FNF:23
FNH:23
FNDA:33,(anonymous_0)
FNDA:67,adopt
FNDA:1,(anonymous_2)
FNDA:33,(anonymous_3)
FNDA:60,fulfilled
FNDA:7,rejected
FNDA:100,step
FNDA:6,(anonymous_7)
FNDA:3,(anonymous_8)
FNDA:3,(anonymous_9)
FNDA:3,(anonymous_10)
FNDA:3,(anonymous_11)
FNDA:7,(anonymous_12)
FNDA:7,(anonymous_13)
FNDA:1,(anonymous_14)
FNDA:6,(anonymous_15)
FNDA:6,(anonymous_16)
FNDA:5,(anonymous_17)
FNDA:5,(anonymous_18)
FNDA:5,(anonymous_19)
FNDA:5,(anonymous_20)
FNDA:4,(anonymous_21)
FNDA:4,(anonymous_22)
DA:2,2
DA:3,67
DA:4,33
DA:5,60
DA:6,7
DA:7,100
DA:8,33
DA:11,2
DA:12,6
DA:14,2
DA:15,2
DA:16,2
DA:17,2
DA:18,2
DA:19,2
DA:20,2
DA:21,2
DA:23,3
DA:24,3
DA:25,3
DA:26,3
DA:29,2
DA:32,1
DA:33,1
DA:37,3
DA:38,3
DA:39,3
DA:40,3
DA:43,2
DA:46,1
DA:47,1
DA:51,7
DA:53,7
DA:54,7
DA:55,7
DA:56,7
DA:57,0
DA:60,0
DA:63,7
DA:64,6
DA:66,1
DA:67,1
DA:68,1
DA:71,5
DA:76,5
DA:77,1
DA:78,1
DA:80,4
DA:82,3
DA:83,3
DA:85,3
DA:86,3
DA:87,2
DA:113,1
DA:115,3
DA:118,2
DA:119,2
DA:123,6
DA:124,6
DA:125,6
DA:126,6
DA:127,6
DA:128,6
DA:129,1
DA:130,1
DA:132,5
DA:133,1
DA:134,1
DA:136,4
DA:137,1
DA:140,1
DA:142,3
DA:143,1
DA:146,1
DA:148,2
DA:149,1
DA:152,1
DA:153,1
DA:157,5
DA:159,5
DA:160,5
DA:161,5
DA:162,5
DA:163,4
DA:164,1
DA:165,1
DA:167,3
DA:168,1
DA:169,1
DA:172,2
DA:175,2
DA:178,2
DA:179,2
DA:181,2
DA:182,2
DA:184,2
DA:185,2
DA:186,1
DA:212,0
DA:214,2
DA:216,2
DA:219,2
DA:223,2
DA:224,2
DA:225,1
DA:227,2
DA:228,2
DA:229,1
DA:233,1
DA:234,1
DA:238,5
DA:239,5
DA:240,5
DA:241,5
DA:242,5
DA:243,5
DA:244,2
DA:245,2
DA:247,3
DA:248,1
DA:249,1
DA:251,2
DA:252,2
DA:253,1
DA:256,1
DA:257,1
DA:261,4
DA:262,4
DA:263,4
DA:264,4
DA:265,4
DA:266,1
DA:267,1
DA:269,3
DA:270,0
DA:271,0
DA:274,3
DA:277,2
DA:280,2
DA:282,2
DA:283,2
DA:285,2
DA:286,2
DA:287,1
DA:289,2
DA:290,2
DA:291,1
DA:295,1
DA:296,1
DA:299,2
LF:150
LH:145
BRDA:2,0,0,2
BRDA:2,0,1,2
BRDA:2,0,2,2
BRDA:3,1,0,66
BRDA:3,1,1,1
BRDA:4,2,0,33
BRDA:4,2,1,33
BRDA:7,3,0,33
BRDA:7,3,1,67
BRDA:8,4,0,33
BRDA:8,4,1,33
BRDA:11,5,0,2
BRDA:11,5,1,2
BRDA:11,5,2,2
BRDA:12,6,0,5
BRDA:12,6,1,1
BRDA:12,7,0,6
BRDA:12,7,1,6
BRDA:29,8,0,2
BRDA:29,8,1,2
BRDA:29,9,0,1
BRDA:29,9,1,1
BRDA:29,10,0,2
BRDA:29,10,1,1
BRDA:56,11,0,0
BRDA:56,11,1,7
BRDA:64,12,0,1
BRDA:64,12,1,5
BRDA:64,13,0,6
BRDA:64,13,1,6
BRDA:64,13,2,6
BRDA:76,14,0,1
BRDA:76,14,1,4
BRDA:85,15,0,3
BRDA:85,15,1,0
BRDA:85,16,0,3
BRDA:85,16,1,3
BRDA:85,17,0,0
BRDA:85,17,1,3
BRDA:85,18,0,3
BRDA:85,18,1,3
BRDA:85,19,0,0
BRDA:85,19,1,3
BRDA:85,20,0,3
BRDA:85,20,1,3
BRDA:85,21,0,0
BRDA:85,21,1,3
BRDA:85,22,0,3
BRDA:85,22,1,3
BRDA:86,23,0,2
BRDA:86,23,1,1
BRDA:86,24,0,3
BRDA:86,24,1,2
BRDA:86,25,0,0
BRDA:86,25,1,3
BRDA:86,26,0,3
BRDA:86,26,1,3
BRDA:95,27,0,2
BRDA:95,27,1,0
BRDA:128,28,0,1
BRDA:128,28,1,5
BRDA:132,29,0,1
BRDA:132,29,1,4
BRDA:136,30,0,1
BRDA:136,30,1,3
BRDA:142,31,0,1
BRDA:142,31,1,2
BRDA:163,32,0,1
BRDA:163,32,1,3
BRDA:163,33,0,4
BRDA:163,33,1,4
BRDA:163,33,2,3
BRDA:167,34,0,1
BRDA:167,34,1,2
BRDA:184,35,0,2
BRDA:184,35,1,0
BRDA:184,36,0,2
BRDA:184,36,1,2
BRDA:184,37,0,0
BRDA:184,37,1,2
BRDA:184,38,0,2
BRDA:184,38,1,2
BRDA:184,39,0,0
BRDA:184,39,1,2
BRDA:184,40,0,2
BRDA:184,40,1,2
BRDA:184,41,0,0
BRDA:184,41,1,2
BRDA:184,42,0,2
BRDA:184,42,1,2
BRDA:185,43,0,1
BRDA:185,43,1,1
BRDA:185,44,0,2
BRDA:185,44,1,1
BRDA:185,45,0,0
BRDA:185,45,1,2
BRDA:185,46,0,2
BRDA:185,46,1,2
BRDA:194,47,0,1
BRDA:194,47,1,0
BRDA:224,48,0,1
BRDA:224,48,1,1
BRDA:228,49,0,1
BRDA:228,49,1,1
BRDA:243,50,0,2
BRDA:243,50,1,3
BRDA:243,51,0,5
BRDA:243,51,1,4
BRDA:243,51,2,4
BRDA:247,52,0,1
BRDA:247,52,1,2
BRDA:265,53,0,1
BRDA:265,53,1,3
BRDA:269,54,0,0
BRDA:269,54,1,3
BRDA:286,55,0,1
BRDA:286,55,1,1
BRDA:290,56,0,1
BRDA:290,56,1,1
BRF:119
BRH:105
end_of_record
TN:
SF:src/modules/users/userController.ts
FN:2,(anonymous_0)
FN:3,adopt
FN:3,(anonymous_2)
FN:4,(anonymous_3)
FN:5,fulfilled
FN:6,rejected
FN:7,step
FN:11,(anonymous_7)
FN:25,(anonymous_8)
FN:25,(anonymous_9)
FN:49,(anonymous_10)
FN:49,(anonymous_11)
FN:96,(anonymous_12)
FN:96,(anonymous_13)
FN:151,(anonymous_14)
FN:151,(anonymous_15)
FN:174,(anonymous_16)
FN:174,(anonymous_17)
FN:203,(anonymous_18)
FN:203,(anonymous_19)
FN:229,(anonymous_20)
FN:229,(anonymous_21)
FN:254,(anonymous_22)
FN:254,(anonymous_23)
FNF:24
FNH:23
FNDA:28,(anonymous_0)
FNDA:27,adopt
FNDA:0,(anonymous_2)
FNDA:28,(anonymous_3)
FNDA:22,fulfilled
FNDA:5,rejected
FNDA:55,step
FNDA:12,(anonymous_7)
FNDA:4,(anonymous_8)
FNDA:4,(anonymous_9)
FNDA:4,(anonymous_10)
FNDA:4,(anonymous_11)
FNDA:3,(anonymous_12)
FNDA:3,(anonymous_13)
FNDA:4,(anonymous_14)
FNDA:4,(anonymous_15)
FNDA:3,(anonymous_16)
FNDA:3,(anonymous_17)
FNDA:3,(anonymous_18)
FNDA:3,(anonymous_19)
FNDA:4,(anonymous_20)
FNDA:4,(anonymous_21)
FNDA:3,(anonymous_22)
FNDA:3,(anonymous_23)
DA:2,2
DA:3,27
DA:4,28
DA:5,22
DA:6,5
DA:7,55
DA:8,28
DA:11,2
DA:12,12
DA:14,2
DA:15,2
DA:16,2
DA:17,2
DA:18,2
DA:19,2
DA:20,2
DA:21,2
DA:22,2
DA:23,2
DA:25,4
DA:26,4
DA:27,4
DA:28,4
DA:30,4
DA:31,4
DA:35,0
DA:36,0
DA:37,0
DA:38,0
DA:40,0
DA:41,0
DA:44,4
DA:45,4
DA:49,4
DA:50,4
DA:51,4
DA:52,4
DA:53,3
DA:54,1
DA:55,1
DA:56,1
DA:59,2
DA:60,1
DA:61,2
DA:62,1
DA:63,2
DA:64,1
DA:65,1
DA:68,2
DA:70,1
DA:72,1
DA:73,1
DA:74,1
DA:77,1
DA:78,1
DA:81,0
DA:85,2
DA:86,2
DA:87,2
DA:90,1
DA:91,1
DA:94,2
DA:96,3
DA:98,3
DA:99,3
DA:100,3
DA:102,3
DA:103,2
DA:104,1
DA:105,1
DA:106,1
DA:109,1
DA:110,1
DA:111,2
DA:115,1
DA:134,1
DA:136,1
DA:137,1
DA:138,1
DA:146,1
DA:147,1
DA:151,4
DA:152,4
DA:153,4
DA:154,4
DA:155,4
DA:156,1
DA:157,1
DA:159,3
DA:160,2
DA:161,1
DA:162,1
DA:164,1
DA:165,1
DA:166,1
DA:169,1
DA:170,1
DA:174,3
DA:175,3
DA:176,3
DA:177,3
DA:178,2
DA:179,1
DA:180,1
DA:181,1
DA:184,1
DA:185,1
DA:186,1
DA:187,1
DA:190,1
DA:191,1
DA:193,1
DA:194,1
DA:195,1
DA:198,1
DA:199,1
DA:203,3
DA:204,3
DA:205,3
DA:206,1
DA:207,1
DA:208,1
DA:210,2
DA:211,2
DA:220,0
DA:221,0
DA:224,2
DA:225,2
DA:229,4
DA:230,4
DA:231,4
DA:233,4
DA:234,1
DA:235,1
DA:237,3
DA:240,0
DA:241,0
DA:242,0
DA:243,0
DA:245,0
DA:246,0
DA:249,3
DA:250,3
DA:254,3
DA:255,3
DA:256,3
DA:257,3
DA:258,2
DA:259,1
DA:260,1
DA:262,1
DA:265,1
DA:266,1
DA:269,2
LF:154
LH:139
BRDA:2,0,0,2
BRDA:2,0,1,2
BRDA:2,0,2,2
BRDA:3,1,0,27
BRDA:3,1,1,0
BRDA:4,2,0,28
BRDA:4,2,1,28
BRDA:7,3,0,28
BRDA:7,3,1,27
BRDA:8,4,0,28
BRDA:8,4,1,28
BRDA:11,5,0,2
BRDA:11,5,1,2
BRDA:11,5,2,2
BRDA:12,6,0,7
BRDA:12,6,1,5
BRDA:12,7,0,12
BRDA:12,7,1,12
BRDA:30,8,0,4
BRDA:30,8,1,4
BRDA:35,9,0,0
BRDA:35,9,1,0
BRDA:53,10,0,1
BRDA:53,10,1,2
BRDA:59,11,0,1
BRDA:59,11,1,1
BRDA:61,12,0,1
BRDA:61,12,1,1
BRDA:63,13,0,1
BRDA:63,13,1,1
BRDA:68,14,0,1
BRDA:68,14,1,1
BRDA:68,15,0,2
BRDA:68,15,1,1
BRDA:70,16,0,1
BRDA:70,16,1,0
BRDA:70,17,0,1
BRDA:70,17,1,1
BRDA:77,18,0,1
BRDA:77,18,1,0
BRDA:103,19,0,1
BRDA:103,19,1,1
BRDA:112,20,0,1
BRDA:112,20,1,1
BRDA:112,21,0,2
BRDA:112,21,1,2
BRDA:112,22,0,1
BRDA:112,22,1,1
BRDA:112,23,0,2
BRDA:112,23,1,2
BRDA:112,24,0,0
BRDA:112,24,1,2
BRDA:112,25,0,2
BRDA:112,25,1,2
BRDA:112,26,0,0
BRDA:112,26,1,1
BRDA:112,27,0,1
BRDA:112,27,1,1
BRDA:112,28,0,0
BRDA:112,28,1,1
BRDA:112,29,0,1
BRDA:112,29,1,1
BRDA:116,30,0,1
BRDA:116,30,1,0
BRDA:116,31,0,1
BRDA:116,31,1,1
BRDA:116,32,0,1
BRDA:116,32,1,0
BRDA:116,33,0,1
BRDA:116,33,1,1
BRDA:116,34,0,0
BRDA:116,34,1,0
BRDA:116,35,0,0
BRDA:116,35,1,0
BRDA:118,36,0,1
BRDA:118,36,1,0
BRDA:118,37,0,1
BRDA:118,37,1,1
BRDA:118,38,0,1
BRDA:118,38,1,0
BRDA:118,39,0,1
BRDA:118,39,1,1
BRDA:118,40,0,0
BRDA:118,40,1,1
BRDA:118,41,0,1
BRDA:118,41,1,1
BRDA:118,42,0,0
BRDA:118,42,1,0
BRDA:118,43,0,0
BRDA:118,43,1,0
BRDA:118,44,0,0
BRDA:118,44,1,0
BRDA:118,45,0,0
BRDA:118,45,1,0
BRDA:119,46,0,0
BRDA:119,46,1,1
BRDA:119,47,0,1
BRDA:119,47,1,1
BRDA:119,48,0,0
BRDA:119,48,1,1
BRDA:119,49,0,1
BRDA:119,49,1,1
BRDA:119,50,0,0
BRDA:119,50,1,1
BRDA:119,51,0,1
BRDA:119,51,1,1
BRDA:119,52,0,0
BRDA:119,52,1,1
BRDA:119,53,0,1
BRDA:119,53,1,1
BRDA:119,54,0,0
BRDA:119,54,1,1
BRDA:119,55,0,1
BRDA:119,55,1,1
BRDA:120,56,0,0
BRDA:120,56,1,1
BRDA:120,57,0,1
BRDA:120,57,1,1
BRDA:120,58,0,0
BRDA:120,58,1,1
BRDA:120,59,0,1
BRDA:120,59,1,1
BRDA:120,60,0,0
BRDA:120,60,1,1
BRDA:120,61,0,1
BRDA:120,61,1,1
BRDA:120,62,0,0
BRDA:120,62,1,1
BRDA:120,63,0,1
BRDA:120,63,1,1
BRDA:120,64,0,0
BRDA:120,64,1,1
BRDA:120,65,0,1
BRDA:120,65,1,1
BRDA:121,66,0,0
BRDA:121,66,1,1
BRDA:121,67,0,1
BRDA:121,67,1,1
BRDA:121,68,0,0
BRDA:121,68,1,1
BRDA:121,69,0,1
BRDA:121,69,1,1
BRDA:121,70,0,0
BRDA:121,70,1,1
BRDA:121,71,0,1
BRDA:121,71,1,1
BRDA:121,72,0,0
BRDA:121,72,1,1
BRDA:121,73,0,1
BRDA:121,73,1,1
BRDA:121,74,0,0
BRDA:121,74,1,1
BRDA:121,75,0,1
BRDA:121,75,1,1
BRDA:122,76,0,0
BRDA:122,76,1,1
BRDA:122,77,0,1
BRDA:122,77,1,1
BRDA:122,78,0,0
BRDA:122,78,1,1
BRDA:122,79,0,1
BRDA:122,79,1,1
BRDA:122,80,0,0
BRDA:122,80,1,1
BRDA:122,81,0,1
BRDA:122,81,1,1
BRDA:122,82,0,0
BRDA:122,82,1,1
BRDA:122,83,0,1
BRDA:122,83,1,1
BRDA:122,84,0,0
BRDA:122,84,1,1
BRDA:122,85,0,1
BRDA:122,85,1,1
BRDA:123,86,0,0
BRDA:123,86,1,1
BRDA:123,87,0,1
BRDA:123,87,1,1
BRDA:123,88,0,0
BRDA:123,88,1,1
BRDA:123,89,0,1
BRDA:123,89,1,1
BRDA:123,90,0,0
BRDA:123,90,1,1
BRDA:123,91,0,1
BRDA:123,91,1,1
BRDA:123,92,0,0
BRDA:123,92,1,1
BRDA:123,93,0,1
BRDA:123,93,1,1
BRDA:123,94,0,0
BRDA:123,94,1,1
BRDA:123,95,0,1
BRDA:123,95,1,1
BRDA:124,96,0,0
BRDA:124,96,1,1
BRDA:124,97,0,1
BRDA:124,97,1,1
BRDA:124,98,0,0
BRDA:124,98,1,1
BRDA:124,99,0,1
BRDA:124,99,1,1
BRDA:124,100,0,0
BRDA:124,100,1,1
BRDA:124,101,0,1
BRDA:124,101,1,1
BRDA:124,102,0,0
BRDA:124,102,1,1
BRDA:124,103,0,1
BRDA:124,103,1,1
BRDA:124,104,0,0
BRDA:124,104,1,1
BRDA:124,105,0,1
BRDA:124,105,1,1
BRDA:125,106,0,0
BRDA:125,106,1,1
BRDA:125,107,0,1
BRDA:125,107,1,1
BRDA:125,108,0,0
BRDA:125,108,1,1
BRDA:125,109,0,1
BRDA:125,109,1,1
BRDA:125,110,0,0
BRDA:125,110,1,1
BRDA:125,111,0,1
BRDA:125,111,1,1
BRDA:125,112,0,0
BRDA:125,112,1,1
BRDA:125,113,0,1
BRDA:125,113,1,1
BRDA:125,114,0,0
BRDA:125,114,1,1
BRDA:125,115,0,1
BRDA:125,115,1,1
BRDA:126,116,0,0
BRDA:126,116,1,1
BRDA:126,117,0,1
BRDA:126,117,1,1
BRDA:126,118,0,0
BRDA:126,118,1,1
BRDA:126,119,0,1
BRDA:126,119,1,1
BRDA:126,120,0,0
BRDA:126,120,1,1
BRDA:126,121,0,1
BRDA:126,121,1,1
BRDA:126,122,0,0
BRDA:126,122,1,1
BRDA:126,123,0,1
BRDA:126,123,1,1
BRDA:126,124,0,0
BRDA:126,124,1,1
BRDA:126,125,0,1
BRDA:126,125,1,1
BRDA:127,126,0,0
BRDA:127,126,1,1
BRDA:127,127,0,1
BRDA:127,127,1,1
BRDA:127,128,0,0
BRDA:127,128,1,1
BRDA:127,129,0,1
BRDA:127,129,1,1
BRDA:127,130,0,0
BRDA:127,130,1,1
BRDA:127,131,0,1
BRDA:127,131,1,1
BRDA:127,132,0,0
BRDA:127,132,1,1
BRDA:127,133,0,1
BRDA:127,133,1,1
BRDA:127,134,0,0
BRDA:127,134,1,1
BRDA:127,135,0,1
BRDA:127,135,1,1
BRDA:128,136,0,0
BRDA:128,136,1,1
BRDA:128,137,0,1
BRDA:128,137,1,1
BRDA:128,138,0,0
BRDA:128,138,1,1
BRDA:128,139,0,1
BRDA:128,139,1,1
BRDA:128,140,0,0
BRDA:128,140,1,1
BRDA:128,141,0,1
BRDA:128,141,1,1
BRDA:128,142,0,0
BRDA:128,142,1,1
BRDA:128,143,0,1
BRDA:128,143,1,1
BRDA:128,144,0,0
BRDA:128,144,1,1
BRDA:128,145,0,1
BRDA:128,145,1,1
BRDA:129,146,0,0
BRDA:129,146,1,1
BRDA:129,147,0,1
BRDA:129,147,1,1
BRDA:129,148,0,0
BRDA:129,148,1,1
BRDA:129,149,0,1
BRDA:129,149,1,1
BRDA:129,150,0,0
BRDA:129,150,1,1
BRDA:129,151,0,1
BRDA:129,151,1,1
BRDA:129,152,0,0
BRDA:129,152,1,1
BRDA:129,153,0,1
BRDA:129,153,1,1
BRDA:129,154,0,0
BRDA:129,154,1,1
BRDA:129,155,0,1
BRDA:129,155,1,1
BRDA:155,156,0,1
BRDA:155,156,1,3
BRDA:160,157,0,1
BRDA:160,157,1,1
BRDA:178,158,0,1
BRDA:178,158,1,1
BRDA:184,159,0,1
BRDA:184,159,1,0
BRDA:184,160,0,1
BRDA:184,160,1,1
BRDA:205,161,0,1
BRDA:205,161,1,2
BRDA:233,162,0,1
BRDA:233,162,1,3
BRDA:240,163,0,0
BRDA:240,163,1,0
BRDA:258,164,0,1
BRDA:258,164,1,1
BRF:332
BRH:249
end_of_record
