TN:
SF:src/modules/analytics/analyticsController.ts
FN:2,(anonymous_0)
FN:3,adopt
FN:3,(anonymous_2)
FN:4,(anonymous_3)
FN:5,fulfilled
FN:6,rejected
FN:7,step
FN:11,(anonymous_7)
FN:18,(anonymous_8)
FN:18,(anonymous_9)
FN:28,(anonymous_10)
FN:28,(anonymous_11)
FN:38,(anonymous_12)
FN:38,(anonymous_13)
FN:49,(anonymous_14)
FN:49,(anonymous_15)
FN:60,(anonymous_16)
FN:60,(anonymous_17)
FN:70,(anonymous_18)
FN:70,(anonymous_19)
FN:81,(anonymous_20)
FN:81,(anonymous_21)
FN:92,(anonymous_22)
FN:92,(anonymous_23)
FN:103,(anonymous_24)
FN:103,(anonymous_25)
FN:114,(anonymous_26)
FN:114,(anonymous_27)
FNF:28
FNH:27
FNDA:25,(anonymous_0)
FNDA:25,adopt
FNDA:0,(anonymous_2)
FNDA:25,(anonymous_3)
FNDA:15,fulfilled
FNDA:10,rejected
FNDA:50,step
FNDA:2,(anonymous_7)
FNDA:2,(anonymous_8)
FNDA:2,(anonymous_9)
FNDA:2,(anonymous_10)
FNDA:2,(anonymous_11)
FNDA:3,(anonymous_12)
FNDA:3,(anonymous_13)
FNDA:2,(anonymous_14)
FNDA:2,(anonymous_15)
FNDA:2,(anonymous_16)
FNDA:2,(anonymous_17)
FNDA:3,(anonymous_18)
FNDA:3,(anonymous_19)
FNDA:3,(anonymous_20)
FNDA:3,(anonymous_21)
FNDA:3,(anonymous_22)
FNDA:3,(anonymous_23)
FNDA:3,(anonymous_24)
FNDA:3,(anonymous_25)
FNDA:2,(anonymous_26)
FNDA:2,(anonymous_27)
DA:2,1
DA:3,25
DA:4,25
DA:5,15
DA:6,10
DA:7,50
DA:8,25
DA:11,1
DA:12,2
DA:14,1
DA:15,1
DA:16,1
DA:18,2
DA:19,2
DA:20,2
DA:21,1
DA:24,1
DA:28,2
DA:29,2
DA:30,2
DA:31,1
DA:34,1
DA:38,3
DA:39,3
DA:40,3
DA:41,3
DA:42,2
DA:45,1
DA:49,2
DA:50,2
DA:51,2
DA:52,2
DA:53,1
DA:56,1
DA:60,2
DA:61,2
DA:62,2
DA:63,1
DA:66,1
DA:70,3
DA:71,3
DA:72,3
DA:73,3
DA:74,2
DA:77,1
DA:81,3
DA:82,3
DA:83,3
DA:84,3
DA:85,2
DA:88,1
DA:92,3
DA:93,3
DA:94,3
DA:95,3
DA:96,2
DA:99,1
DA:103,3
DA:104,3
DA:105,3
DA:106,3
DA:107,2
DA:110,1
DA:114,2
DA:115,2
DA:116,2
DA:117,1
DA:120,1
DA:123,1
LF:69
LH:69
BRDA:2,0,0,1
BRDA:2,0,1,1
BRDA:2,0,2,1
BRDA:3,1,0,25
BRDA:3,1,1,0
BRDA:4,2,0,25
BRDA:4,2,1,25
BRDA:7,3,0,25
BRDA:7,3,1,25
BRDA:8,4,0,25
BRDA:8,4,1,25
BRDA:11,5,0,1
BRDA:11,5,1,1
BRDA:11,5,2,1
BRDA:12,6,0,2
BRDA:12,6,1,0
BRDA:12,7,0,2
BRDA:12,7,1,2
BRDA:40,8,0,3
BRDA:40,8,1,2
BRDA:51,9,0,2
BRDA:51,9,1,2
BRDA:71,10,0,3
BRDA:71,10,1,2
BRDA:82,11,0,3
BRDA:82,11,1,2
BRDA:93,12,0,3
BRDA:93,12,1,2
BRDA:104,13,0,3
BRDA:104,13,1,2
BRF:30
BRH:28
end_of_record
TN:
SF:src/modules/cookbook/cookbookController.ts
FN:2,(anonymous_0)
FN:3,adopt
FN:3,(anonymous_2)
FN:4,(anonymous_3)
FN:5,fulfilled
FN:6,rejected
FN:7,step
FN:11,(anonymous_7)
FN:28,(anonymous_8)
FN:28,(anonymous_9)
FN:50,(anonymous_10)
FN:50,(anonymous_11)
FN:122,(anonymous_12)
FN:122,(anonymous_13)
FN:134,(anonymous_14)
FN:159,(anonymous_15)
FN:159,(anonymous_16)
FN:170,(anonymous_17)
FN:180,(anonymous_18)
FN:206,(anonymous_19)
FN:206,(anonymous_20)
FN:219,(anonymous_21)
FN:235,(anonymous_22)
FN:235,(anonymous_23)
FN:254,(anonymous_24)
FN:266,(anonymous_25)
FN:318,(anonymous_26)
FN:318,(anonymous_27)
FN:360,(anonymous_28)
FN:360,(anonymous_29)
FN:376,(anonymous_30)
FN:378,(anonymous_31)
FNF:32
FNH:0
FNDA:0,(anonymous_0)
FNDA:0,adopt
FNDA:0,(anonymous_2)
FNDA:0,(anonymous_3)
FNDA:0,fulfilled
FNDA:0,rejected
FNDA:0,step
FNDA:0,(anonymous_7)
FNDA:0,(anonymous_8)
FNDA:0,(anonymous_9)
FNDA:0,(anonymous_10)
FNDA:0,(anonymous_11)
FNDA:0,(anonymous_12)
FNDA:0,(anonymous_13)
FNDA:0,(anonymous_14)
FNDA:0,(anonymous_15)
FNDA:0,(anonymous_16)
FNDA:0,(anonymous_17)
FNDA:0,(anonymous_18)
FNDA:0,(anonymous_19)
FNDA:0,(anonymous_20)
FNDA:0,(anonymous_21)
FNDA:0,(anonymous_22)
FNDA:0,(anonymous_23)
FNDA:0,(anonymous_24)
FNDA:0,(anonymous_25)
FNDA:0,(anonymous_26)
FNDA:0,(anonymous_27)
FNDA:0,(anonymous_28)
FNDA:0,(anonymous_29)
FNDA:0,(anonymous_30)
FNDA:0,(anonymous_31)
DA:2,0
DA:3,0
DA:4,0
DA:5,0
DA:6,0
DA:7,0
DA:8,0
DA:11,0
DA:12,0
DA:14,0
DA:15,0
DA:16,0
DA:17,0
DA:18,0
DA:19,0
DA:20,0
DA:21,0
DA:22,0
DA:23,0
DA:24,0
DA:25,0
DA:26,0
DA:28,0
DA:29,0
DA:30,0
DA:31,0
DA:32,0
DA:33,0
DA:34,0
DA:35,0
DA:36,0
DA:38,0
DA:39,0
DA:42,0
DA:43,0
DA:50,0
DA:51,0
DA:52,0
DA:53,0
DA:54,0
DA:55,0
DA:56,0
DA:57,0
DA:58,0
DA:59,0
DA:61,0
DA:62,0
DA:63,0
DA:64,0
DA:67,0
DA:68,0
DA:69,0
DA:72,0
DA:73,0
DA:74,0
DA:75,0
DA:76,0
DA:78,0
DA:79,0
DA:80,0
DA:81,0
DA:84,0
DA:102,0
DA:104,0
DA:106,0
DA:107,0
DA:108,0
DA:110,0
DA:111,0
DA:114,0
DA:115,0
DA:122,0
DA:123,0
DA:124,0
DA:125,0
DA:126,0
DA:127,0
DA:128,0
DA:129,0
DA:130,0
DA:131,0
DA:134,0
DA:135,0
DA:136,0
DA:137,0
DA:138,0
DA:141,0
DA:143,0
DA:144,0
DA:145,0
DA:151,0
DA:152,0
DA:159,0
DA:160,0
DA:161,0
DA:162,0
DA:163,0
DA:164,0
DA:165,0
DA:166,0
DA:167,0
DA:170,0
DA:171,0
DA:172,0
DA:173,0
DA:174,0
DA:177,0
DA:180,0
DA:185,0
DA:186,0
DA:187,0
DA:188,0
DA:191,0
DA:192,0
DA:193,0
DA:194,0
DA:195,0
DA:198,0
DA:199,0
DA:206,0
DA:207,0
DA:208,0
DA:209,0
DA:210,0
DA:211,0
DA:212,0
DA:213,0
DA:215,0
DA:216,0
DA:217,0
DA:219,0
DA:220,0
DA:221,0
DA:222,0
DA:224,0
DA:225,0
DA:226,0
DA:228,0
DA:229,0
DA:230,0
DA:232,0
DA:235,0
DA:237,0
DA:238,0
DA:239,0
DA:240,0
DA:242,0
DA:243,0
DA:244,0
DA:245,0
DA:248,0
DA:249,0
DA:250,0
DA:251,0
DA:252,0
DA:254,0
DA:255,0
DA:256,0
DA:257,0
DA:260,0
DA:261,0
DA:262,0
DA:263,0
DA:264,0
DA:266,0
DA:267,0
DA:268,0
DA:269,0
DA:270,0
DA:273,0
DA:281,0
DA:282,0
DA:283,0
DA:284,0
DA:309,0
DA:310,0
DA:313,0
DA:314,0
DA:318,0
DA:319,0
DA:320,0
DA:321,0
DA:322,0
DA:323,0
DA:324,0
DA:325,0
DA:327,0
DA:328,0
DA:329,0
DA:330,0
DA:331,0
DA:334,0
DA:335,0
DA:336,0
DA:339,0
DA:340,0
DA:341,0
DA:342,0
DA:346,0
DA:347,0
DA:348,0
DA:349,0
DA:352,0
DA:353,0
DA:360,0
DA:361,0
DA:362,0
DA:363,0
DA:364,0
DA:365,0
DA:366,0
DA:367,0
DA:368,0
DA:370,0
DA:371,0
DA:372,0
DA:373,0
DA:376,0
DA:378,0
DA:379,0
DA:381,0
DA:382,0
DA:383,0
DA:385,0
DA:386,0
DA:389,0
DA:390,0
DA:396,0
LF:228
LH:0
BRDA:2,0,0,0
BRDA:2,0,1,0
BRDA:2,0,2,0
BRDA:3,1,0,0
BRDA:3,1,1,0
BRDA:4,2,0,0
BRDA:4,2,1,0
BRDA:7,3,0,0
BRDA:7,3,1,0
BRDA:8,4,0,0
BRDA:8,4,1,0
BRDA:11,5,0,0
BRDA:11,5,1,0
BRDA:11,5,2,0
BRDA:12,6,0,0
BRDA:12,6,1,0
BRDA:12,7,0,0
BRDA:12,7,1,0
BRDA:33,8,0,0
BRDA:33,8,1,0
BRDA:56,9,0,0
BRDA:56,9,1,0
BRDA:61,10,0,0
BRDA:61,10,1,0
BRDA:68,11,0,0
BRDA:68,11,1,0
BRDA:78,12,0,0
BRDA:78,12,1,0
BRDA:88,13,0,0
BRDA:88,13,1,0
BRDA:89,14,0,0
BRDA:89,14,1,0
BRDA:90,15,0,0
BRDA:90,15,1,0
BRDA:93,16,0,0
BRDA:93,16,1,0
BRDA:94,17,0,0
BRDA:94,17,1,0
BRDA:95,18,0,0
BRDA:95,18,1,0
BRDA:96,19,0,0
BRDA:96,19,1,0
BRDA:98,20,0,0
BRDA:98,20,1,0
BRDA:99,21,0,0
BRDA:99,21,1,0
BRDA:99,21,2,0
BRDA:107,22,0,0
BRDA:107,22,1,0
BRDA:128,23,0,0
BRDA:128,23,1,0
BRDA:135,24,0,0
BRDA:135,24,1,0
BRDA:164,25,0,0
BRDA:164,25,1,0
BRDA:171,26,0,0
BRDA:171,26,1,0
BRDA:179,27,0,0
BRDA:179,27,1,0
BRDA:180,28,0,0
BRDA:180,28,1,0
BRDA:182,29,0,0
BRDA:182,29,1,0
BRDA:185,30,0,0
BRDA:185,30,1,0
BRDA:210,31,0,0
BRDA:210,31,1,0
BRDA:215,32,0,0
BRDA:215,32,1,0
BRDA:220,33,0,0
BRDA:220,33,1,0
BRDA:229,34,0,0
BRDA:229,34,1,0
BRDA:242,35,0,0
BRDA:242,35,1,0
BRDA:249,36,0,0
BRDA:249,36,1,0
BRDA:254,37,0,0
BRDA:254,37,1,0
BRDA:261,38,0,0
BRDA:261,38,1,0
BRDA:267,39,0,0
BRDA:267,39,1,0
BRDA:282,40,0,0
BRDA:282,40,1,0
BRDA:282,41,0,0
BRDA:282,41,1,0
BRDA:282,42,0,0
BRDA:282,42,1,0
BRDA:282,43,0,0
BRDA:282,43,1,0
BRDA:282,44,0,0
BRDA:282,44,1,0
BRDA:282,45,0,0
BRDA:282,45,1,0
BRDA:282,46,0,0
BRDA:282,46,1,0
BRDA:282,47,0,0
BRDA:282,47,1,0
BRDA:283,48,0,0
BRDA:283,48,1,0
BRDA:283,49,0,0
BRDA:283,49,1,0
BRDA:283,50,0,0
BRDA:283,50,1,0
BRDA:283,51,0,0
BRDA:283,51,1,0
BRDA:294,52,0,0
BRDA:294,52,1,0
BRDA:323,53,0,0
BRDA:323,53,1,0
BRDA:323,54,0,0
BRDA:323,54,1,0
BRDA:328,55,0,0
BRDA:328,55,1,0
BRDA:341,56,0,0
BRDA:341,56,1,0
BRDA:365,57,0,0
BRDA:365,57,1,0
BRDA:370,58,0,0
BRDA:370,58,1,0
BRDA:382,59,0,0
BRDA:382,59,1,0
BRF:123
BRH:0
end_of_record
TN:
SF:src/modules/cookbook/sharedRecipeController.ts
FN:2,(anonymous_0)
FN:3,adopt
FN:3,(anonymous_2)
FN:4,(anonymous_3)
FN:5,fulfilled
FN:6,rejected
FN:7,step
FN:11,(anonymous_7)
FN:19,(anonymous_8)
FN:19,(anonymous_9)
FN:37,(anonymous_10)
FN:37,(anonymous_11)
FNF:12
FNH:0
FNDA:0,(anonymous_0)
FNDA:0,adopt
FNDA:0,(anonymous_2)
FNDA:0,(anonymous_3)
FNDA:0,fulfilled
FNDA:0,rejected
FNDA:0,step
FNDA:0,(anonymous_7)
FNDA:0,(anonymous_8)
FNDA:0,(anonymous_9)
FNDA:0,(anonymous_10)
FNDA:0,(anonymous_11)
DA:2,0
DA:3,0
DA:4,0
DA:5,0
DA:6,0
DA:7,0
DA:8,0
DA:11,0
DA:12,0
DA:14,0
DA:15,0
DA:16,0
DA:17,0
DA:19,0
DA:20,0
DA:21,0
DA:22,0
DA:26,0
DA:32,0
DA:33,0
DA:37,0
DA:38,0
DA:39,0
DA:40,0
DA:42,0
DA:46,0
DA:47,0
DA:48,0
DA:50,0
DA:53,0
DA:54,0
DA:57,0
LF:32
LH:0
BRDA:2,0,0,0
BRDA:2,0,1,0
BRDA:2,0,2,0
BRDA:3,1,0,0
BRDA:3,1,1,0
BRDA:4,2,0,0
BRDA:4,2,1,0
BRDA:7,3,0,0
BRDA:7,3,1,0
BRDA:8,4,0,0
BRDA:8,4,1,0
BRDA:11,5,0,0
BRDA:11,5,1,0
BRDA:11,5,2,0
BRDA:12,6,0,0
BRDA:12,6,1,0
BRDA:12,7,0,0
BRDA:12,7,1,0
BRDA:46,8,0,0
BRDA:46,8,1,0
BRF:20
BRH:0
end_of_record
TN:
SF:src/modules/fridge/fridgeController.ts
FN:2,(anonymous_0)
FN:3,adopt
FN:3,(anonymous_2)
FN:4,(anonymous_3)
FN:5,fulfilled
FN:6,rejected
FN:7,step
FN:11,(anonymous_7)
FN:21,(anonymous_8)
FN:21,(anonymous_9)
FN:40,(anonymous_10)
FN:40,(anonymous_11)
FN:60,(anonymous_12)
FN:60,(anonymous_13)
FN:89,(anonymous_14)
FN:113,(anonymous_15)
FN:113,(anonymous_16)
FN:142,(anonymous_17)
FN:166,(anonymous_18)
FN:166,(anonymous_19)
FN:182,(anonymous_20)
FN:192,(anonymous_21)
FN:192,(anonymous_22)
FN:231,(anonymous_23)
FN:231,(anonymous_24)
FN:248,(anonymous_25)
FN:255,(anonymous_26)
FNF:27
FNH:0
FNDA:0,(anonymous_0)
FNDA:0,adopt
FNDA:0,(anonymous_2)
FNDA:0,(anonymous_3)
FNDA:0,fulfilled
FNDA:0,rejected
FNDA:0,step
FNDA:0,(anonymous_7)
FNDA:0,(anonymous_8)
FNDA:0,(anonymous_9)
FNDA:0,(anonymous_10)
FNDA:0,(anonymous_11)
FNDA:0,(anonymous_12)
FNDA:0,(anonymous_13)
FNDA:0,(anonymous_14)
FNDA:0,(anonymous_15)
FNDA:0,(anonymous_16)
FNDA:0,(anonymous_17)
FNDA:0,(anonymous_18)
FNDA:0,(anonymous_19)
FNDA:0,(anonymous_20)
FNDA:0,(anonymous_21)
FNDA:0,(anonymous_22)
FNDA:0,(anonymous_23)
FNDA:0,(anonymous_24)
FNDA:0,(anonymous_25)
FNDA:0,(anonymous_26)
DA:2,0
DA:3,0
DA:4,0
DA:5,0
DA:6,0
DA:7,0
DA:8,0
DA:11,0
DA:12,0
DA:14,0
DA:15,0
DA:16,0
DA:17,0
DA:18,0
DA:19,0
DA:21,0
DA:22,0
DA:23,0
DA:25,0
DA:26,0
DA:27,0
DA:28,0
DA:30,0
DA:31,0
DA:32,0
DA:35,0
DA:36,0
DA:40,0
DA:41,0
DA:42,0
DA:43,0
DA:45,0
DA:46,0
DA:47,0
DA:48,0
DA:49,0
DA:51,0
DA:52,0
DA:55,0
DA:56,0
DA:60,0
DA:61,0
DA:62,0
DA:63,0
DA:64,0
DA:66,0
DA:67,0
DA:68,0
DA:69,0
DA:71,0
DA:72,0
DA:73,0
DA:74,0
DA:76,0
DA:77,0
DA:78,0
DA:79,0
DA:82,0
DA:83,0
DA:84,0
DA:85,0
DA:86,0
DA:89,0
DA:90,0
DA:91,0
DA:92,0
DA:93,0
DA:96,0
DA:97,0
DA:98,0
DA:100,0
DA:101,0
DA:102,0
DA:104,0
DA:105,0
DA:108,0
DA:109,0
DA:113,0
DA:114,0
DA:115,0
DA:116,0
DA:117,0
DA:119,0
DA:120,0
DA:121,0
DA:122,0
DA:124,0
DA:125,0
DA:126,0
DA:127,0
DA:129,0
DA:130,0
DA:131,0
DA:132,0
DA:135,0
DA:136,0
DA:137,0
DA:138,0
DA:139,0
DA:142,0
DA:143,0
DA:144,0
DA:145,0
DA:146,0
DA:149,0
DA:150,0
DA:151,0
DA:153,0
DA:154,0
DA:155,0
DA:157,0
DA:158,0
DA:161,0
DA:162,0
DA:166,0
DA:167,0
DA:168,0
DA:169,0
DA:170,0
DA:171,0
DA:172,0
DA:173,0
DA:176,0
DA:177,0
DA:178,0
DA:179,0
DA:180,0
DA:182,0
DA:183,0
DA:184,0
DA:187,0
DA:188,0
DA:192,0
DA:193,0
DA:194,0
DA:195,0
DA:196,0
DA:197,0
DA:198,0
DA:199,0
DA:201,0
DA:202,0
DA:203,0
DA:204,0
DA:205,0
DA:208,0
DA:209,0
DA:210,0
DA:213,0
DA:214,0
DA:215,0
DA:216,0
DA:220,0
DA:221,0
DA:222,0
DA:223,0
DA:226,0
DA:227,0
DA:231,0
DA:232,0
DA:233,0
DA:234,0
DA:235,0
DA:237,0
DA:238,0
DA:239,0
DA:240,0
DA:242,0
DA:243,0
DA:244,0
DA:245,0
DA:248,0
DA:249,0
DA:250,0
DA:251,0
DA:252,0
DA:255,0
DA:256,0
DA:258,0
DA:259,0
DA:260,0
DA:262,0
DA:263,0
DA:266,0
DA:267,0
DA:270,0
LF:186
LH:0
BRDA:2,0,0,0
BRDA:2,0,1,0
BRDA:2,0,2,0
BRDA:3,1,0,0
BRDA:3,1,1,0
BRDA:4,2,0,0
BRDA:4,2,1,0
BRDA:7,3,0,0
BRDA:7,3,1,0
BRDA:8,4,0,0
BRDA:8,4,1,0
BRDA:11,5,0,0
BRDA:11,5,1,0
BRDA:11,5,2,0
BRDA:12,6,0,0
BRDA:12,6,1,0
BRDA:12,7,0,0
BRDA:12,7,1,0
BRDA:25,8,0,0
BRDA:25,8,1,0
BRDA:46,9,0,0
BRDA:46,9,1,0
BRDA:66,10,0,0
BRDA:66,10,1,0
BRDA:71,11,0,0
BRDA:71,11,1,0
BRDA:76,12,0,0
BRDA:76,12,1,0
BRDA:76,13,0,0
BRDA:76,13,1,0
BRDA:76,13,2,0
BRDA:76,13,3,0
BRDA:83,14,0,0
BRDA:83,14,1,0
BRDA:90,15,0,0
BRDA:90,15,1,0
BRDA:101,16,0,0
BRDA:101,16,1,0
BRDA:119,17,0,0
BRDA:119,17,1,0
BRDA:124,18,0,0
BRDA:124,18,1,0
BRDA:129,19,0,0
BRDA:129,19,1,0
BRDA:129,20,0,0
BRDA:129,20,1,0
BRDA:129,20,2,0
BRDA:136,21,0,0
BRDA:136,21,1,0
BRDA:143,22,0,0
BRDA:143,22,1,0
BRDA:154,23,0,0
BRDA:154,23,1,0
BRDA:171,24,0,0
BRDA:171,24,1,0
BRDA:177,25,0,0
BRDA:177,25,1,0
BRDA:197,26,0,0
BRDA:197,26,1,0
BRDA:197,27,0,0
BRDA:197,27,1,0
BRDA:202,28,0,0
BRDA:202,28,1,0
BRDA:215,29,0,0
BRDA:215,29,1,0
BRDA:237,30,0,0
BRDA:237,30,1,0
BRDA:242,31,0,0
BRDA:242,31,1,0
BRDA:249,32,0,0
BRDA:249,32,1,0
BRDA:259,33,0,0
BRDA:259,33,1,0
BRF:73
BRH:0
end_of_record
TN:
SF:src/modules/fridge/groceriesController.ts
FN:2,(anonymous_0)
FN:3,adopt
FN:3,(anonymous_2)
FN:4,(anonymous_3)
FN:5,fulfilled
FN:6,rejected
FN:7,step
FN:11,(anonymous_7)
FN:19,(anonymous_8)
FN:19,(anonymous_9)
FN:39,(anonymous_10)
FN:39,(anonymous_11)
FN:58,(anonymous_12)
FN:77,(anonymous_13)
FN:77,(anonymous_14)
FN:96,(anonymous_15)
FN:115,(anonymous_16)
FN:115,(anonymous_17)
FN:131,(anonymous_18)
FN:141,(anonymous_19)
FN:141,(anonymous_20)
FN:180,(anonymous_21)
FN:180,(anonymous_22)
FN:192,(anonymous_23)
FN:199,(anonymous_24)
FNF:25
FNH:0
FNDA:0,(anonymous_0)
FNDA:0,adopt
FNDA:0,(anonymous_2)
FNDA:0,(anonymous_3)
FNDA:0,fulfilled
FNDA:0,rejected
FNDA:0,step
FNDA:0,(anonymous_7)
FNDA:0,(anonymous_8)
FNDA:0,(anonymous_9)
FNDA:0,(anonymous_10)
FNDA:0,(anonymous_11)
FNDA:0,(anonymous_12)
FNDA:0,(anonymous_13)
FNDA:0,(anonymous_14)
FNDA:0,(anonymous_15)
FNDA:0,(anonymous_16)
FNDA:0,(anonymous_17)
FNDA:0,(anonymous_18)
FNDA:0,(anonymous_19)
FNDA:0,(anonymous_20)
FNDA:0,(anonymous_21)
FNDA:0,(anonymous_22)
FNDA:0,(anonymous_23)
FNDA:0,(anonymous_24)
DA:2,0
DA:3,0
DA:4,0
DA:5,0
DA:6,0
DA:7,0
DA:8,0
DA:11,0
DA:12,0
DA:14,0
DA:15,0
DA:16,0
DA:17,0
DA:19,0
DA:20,0
DA:21,0
DA:22,0
DA:24,0
DA:25,0
DA:26,0
DA:27,0
DA:28,0
DA:30,0
DA:31,0
DA:34,0
DA:35,0
DA:39,0
DA:40,0
DA:41,0
DA:42,0
DA:43,0
DA:45,0
DA:46,0
DA:47,0
DA:48,0
DA:51,0
DA:52,0
DA:53,0
DA:54,0
DA:55,0
DA:58,0
DA:59,0
DA:60,0
DA:61,0
DA:62,0
DA:65,0
DA:66,0
DA:67,0
DA:68,0
DA:69,0
DA:72,0
DA:73,0
DA:77,0
DA:78,0
DA:79,0
DA:80,0
DA:81,0
DA:83,0
DA:84,0
DA:85,0
DA:86,0
DA:89,0
DA:90,0
DA:91,0
DA:92,0
DA:93,0
DA:96,0
DA:97,0
DA:98,0
DA:99,0
DA:100,0
DA:103,0
DA:104,0
DA:105,0
DA:106,0
DA:107,0
DA:110,0
DA:111,0
DA:115,0
DA:116,0
DA:117,0
DA:118,0
DA:119,0
DA:120,0
DA:121,0
DA:122,0
DA:125,0
DA:126,0
DA:127,0
DA:128,0
DA:129,0
DA:131,0
DA:132,0
DA:133,0
DA:136,0
DA:137,0
DA:141,0
DA:142,0
DA:143,0
DA:144,0
DA:145,0
DA:146,0
DA:147,0
DA:148,0
DA:150,0
DA:151,0
DA:152,0
DA:153,0
DA:154,0
DA:157,0
DA:158,0
DA:159,0
DA:162,0
DA:163,0
DA:164,0
DA:165,0
DA:169,0
DA:170,0
DA:171,0
DA:172,0
DA:175,0
DA:176,0
DA:180,0
DA:181,0
DA:182,0
DA:183,0
DA:185,0
DA:186,0
DA:187,0
DA:188,0
DA:189,0
DA:192,0
DA:193,0
DA:194,0
DA:195,0
DA:196,0
DA:199,0
DA:201,0
DA:202,0
DA:203,0
DA:206,0
DA:207,0
DA:210,0
LF:143
LH:0
BRDA:2,0,0,0
BRDA:2,0,1,0
BRDA:2,0,2,0
BRDA:3,1,0,0
BRDA:3,1,1,0
BRDA:4,2,0,0
BRDA:4,2,1,0
BRDA:7,3,0,0
BRDA:7,3,1,0
BRDA:8,4,0,0
BRDA:8,4,1,0
BRDA:11,5,0,0
BRDA:11,5,1,0
BRDA:11,5,2,0
BRDA:12,6,0,0
BRDA:12,6,1,0
BRDA:12,7,0,0
BRDA:12,7,1,0
BRDA:25,8,0,0
BRDA:25,8,1,0
BRDA:45,9,0,0
BRDA:45,9,1,0
BRDA:45,10,0,0
BRDA:45,10,1,0
BRDA:45,10,2,0
BRDA:45,10,3,0
BRDA:52,11,0,0
BRDA:52,11,1,0
BRDA:59,12,0,0
BRDA:59,12,1,0
BRDA:83,13,0,0
BRDA:83,13,1,0
BRDA:83,14,0,0
BRDA:83,14,1,0
BRDA:83,14,2,0
BRDA:90,15,0,0
BRDA:90,15,1,0
BRDA:97,16,0,0
BRDA:97,16,1,0
BRDA:120,17,0,0
BRDA:120,17,1,0
BRDA:126,18,0,0
BRDA:126,18,1,0
BRDA:146,19,0,0
BRDA:146,19,1,0
BRDA:146,20,0,0
BRDA:146,20,1,0
BRDA:151,21,0,0
BRDA:151,21,1,0
BRDA:164,22,0,0
BRDA:164,22,1,0
BRDA:186,23,0,0
BRDA:186,23,1,0
BRDA:193,24,0,0
BRDA:193,24,1,0
BRF:55
BRH:0
end_of_record
TN:
SF:src/modules/ingredients/ingredientController.ts
FN:2,(anonymous_0)
FN:3,adopt
FN:3,(anonymous_2)
FN:4,(anonymous_3)
FN:5,fulfilled
FN:6,rejected
FN:7,step
FN:11,(anonymous_7)
FN:23,(anonymous_8)
FN:23,(anonymous_9)
FN:35,(anonymous_10)
FN:35,(anonymous_11)
FN:58,(anonymous_12)
FN:58,(anonymous_13)
FN:93,(anonymous_14)
FN:93,(anonymous_15)
FN:106,(anonymous_16)
FN:112,(anonymous_17)
FN:137,(anonymous_18)
FN:137,(anonymous_19)
FN:151,(anonymous_20)
FN:175,(anonymous_21)
FN:175,(anonymous_22)
FN:188,(anonymous_23)
FNF:24
FNH:0
FNDA:0,(anonymous_0)
FNDA:0,adopt
FNDA:0,(anonymous_2)
FNDA:0,(anonymous_3)
FNDA:0,fulfilled
FNDA:0,rejected
FNDA:0,step
FNDA:0,(anonymous_7)
FNDA:0,(anonymous_8)
FNDA:0,(anonymous_9)
FNDA:0,(anonymous_10)
FNDA:0,(anonymous_11)
FNDA:0,(anonymous_12)
FNDA:0,(anonymous_13)
FNDA:0,(anonymous_14)
FNDA:0,(anonymous_15)
FNDA:0,(anonymous_16)
FNDA:0,(anonymous_17)
FNDA:0,(anonymous_18)
FNDA:0,(anonymous_19)
FNDA:0,(anonymous_20)
FNDA:0,(anonymous_21)
FNDA:0,(anonymous_22)
FNDA:0,(anonymous_23)
DA:2,0
DA:3,0
DA:4,0
DA:5,0
DA:6,0
DA:7,0
DA:8,0
DA:11,0
DA:12,0
DA:14,0
DA:15,0
DA:16,0
DA:17,0
DA:18,0
DA:19,0
DA:20,0
DA:21,0
DA:23,0
DA:24,0
DA:25,0
DA:26,0
DA:27,0
DA:30,0
DA:31,0
DA:35,0
DA:36,0
DA:37,0
DA:38,0
DA:39,0
DA:40,0
DA:42,0
DA:43,0
DA:44,0
DA:45,0
DA:46,0
DA:47,0
DA:49,0
DA:50,0
DA:53,0
DA:54,0
DA:58,0
DA:59,0
DA:61,0
DA:63,0
DA:64,0
DA:65,0
DA:66,0
DA:69,0
DA:70,0
DA:71,0
DA:73,0
DA:74,0
DA:77,0
DA:79,0
DA:80,0
DA:81,0
DA:82,0
DA:84,0
DA:85,0
DA:88,0
DA:89,0
DA:93,0
DA:94,0
DA:95,0
DA:96,0
DA:97,0
DA:98,0
DA:99,0
DA:101,0
DA:103,0
DA:104,0
DA:106,0
DA:107,0
DA:108,0
DA:110,0
DA:112,0
DA:113,0
DA:114,0
DA:115,0
DA:118,0
DA:125,0
DA:127,0
DA:128,0
DA:129,0
DA:132,0
DA:133,0
DA:137,0
DA:138,0
DA:139,0
DA:140,0
DA:141,0
DA:142,0
DA:143,0
DA:144,0
DA:146,0
DA:148,0
DA:149,0
DA:151,0
DA:152,0
DA:153,0
DA:154,0
DA:155,0
DA:158,0
DA:159,0
DA:160,0
DA:161,0
DA:162,0
DA:163,0
DA:165,0
DA:166,0
DA:167,0
DA:170,0
DA:171,0
DA:175,0
DA:176,0
DA:177,0
DA:178,0
DA:179,0
DA:180,0
DA:181,0
DA:183,0
DA:185,0
DA:186,0
DA:188,0
DA:189,0
DA:190,0
DA:191,0
DA:192,0
DA:195,0
DA:197,0
DA:198,0
DA:199,0
DA:202,0
DA:203,0
DA:206,0
LF:135
LH:0
BRDA:2,0,0,0
BRDA:2,0,1,0
BRDA:2,0,2,0
BRDA:3,1,0,0
BRDA:3,1,1,0
BRDA:4,2,0,0
BRDA:4,2,1,0
BRDA:7,3,0,0
BRDA:7,3,1,0
BRDA:8,4,0,0
BRDA:8,4,1,0
BRDA:11,5,0,0
BRDA:11,5,1,0
BRDA:11,5,2,0
BRDA:12,6,0,0
BRDA:12,6,1,0
BRDA:12,7,0,0
BRDA:12,7,1,0
BRDA:37,8,0,0
BRDA:37,8,1,0
BRDA:44,9,0,0
BRDA:44,9,1,0
BRDA:63,10,0,0
BRDA:63,10,1,0
BRDA:63,11,0,0
BRDA:63,11,1,0
BRDA:70,12,0,0
BRDA:70,12,1,0
BRDA:73,13,0,0
BRDA:73,13,1,0
BRDA:79,14,0,0
BRDA:79,14,1,0
BRDA:96,15,0,0
BRDA:96,15,1,0
BRDA:96,16,0,0
BRDA:96,16,1,0
BRDA:108,17,0,0
BRDA:108,17,1,0
BRDA:112,18,0,0
BRDA:112,18,1,0
BRDA:141,19,0,0
BRDA:141,19,1,0
BRDA:141,20,0,0
BRDA:141,20,1,0
BRDA:141,20,2,0
BRDA:152,21,0,0
BRDA:152,21,1,0
BRDA:158,22,0,0
BRDA:158,22,1,0
BRDA:160,23,0,0
BRDA:160,23,1,0
BRDA:162,24,0,0
BRDA:162,24,1,0
BRDA:178,25,0,0
BRDA:178,25,1,0
BRDA:189,26,0,0
BRDA:189,26,1,0
BRF:57
BRH:0
end_of_record
TN:
SF:src/modules/ingredients/recognitionController.ts
FN:2,(anonymous_0)
FN:3,adopt
FN:3,(anonymous_2)
FN:4,(anonymous_3)
FN:5,fulfilled
FN:6,rejected
FN:7,step
FN:11,(anonymous_7)
FN:21,(anonymous_8)
FN:21,(anonymous_9)
FN:64,(anonymous_10)
FNF:11
FNH:0
FNDA:0,(anonymous_0)
FNDA:0,adopt
FNDA:0,(anonymous_2)
FNDA:0,(anonymous_3)
FNDA:0,fulfilled
FNDA:0,rejected
FNDA:0,step
FNDA:0,(anonymous_7)
FNDA:0,(anonymous_8)
FNDA:0,(anonymous_9)
FNDA:0,(anonymous_10)
DA:2,0
DA:3,0
DA:4,0
DA:5,0
DA:6,0
DA:7,0
DA:8,0
DA:11,0
DA:12,0
DA:14,0
DA:15,0
DA:16,0
DA:17,0
DA:18,0
DA:19,0
DA:21,0
DA:22,0
DA:23,0
DA:24,0
DA:27,0
DA:28,0
DA:29,0
DA:30,0
DA:31,0
DA:32,0
DA:34,0
DA:35,0
DA:36,0
DA:37,0
DA:40,0
DA:41,0
DA:42,0
DA:43,0
DA:44,0
DA:46,0
DA:47,0
DA:49,0
DA:50,0
DA:51,0
DA:53,0
DA:54,0
DA:55,0
DA:57,0
DA:58,0
DA:60,0
DA:64,0
DA:65,0
DA:70,0
DA:71,0
DA:74,0
DA:75,0
LF:51
LH:0
BRDA:2,0,0,0
BRDA:2,0,1,0
BRDA:2,0,2,0
BRDA:3,1,0,0
BRDA:3,1,1,0
BRDA:4,2,0,0
BRDA:4,2,1,0
BRDA:7,3,0,0
BRDA:7,3,1,0
BRDA:8,4,0,0
BRDA:8,4,1,0
BRDA:11,5,0,0
BRDA:11,5,1,0
BRDA:11,5,2,0
BRDA:12,6,0,0
BRDA:12,6,1,0
BRDA:12,7,0,0
BRDA:12,7,1,0
BRDA:27,8,0,0
BRDA:27,8,1,0
BRDA:29,9,0,0
BRDA:29,9,1,0
BRDA:41,10,0,0
BRDA:41,10,1,0
BRDA:47,11,0,0
BRDA:47,11,1,0
BRDA:47,11,2,0
BRF:27
BRH:0
end_of_record
TN:
SF:src/modules/notifications/notificationController.ts
FN:2,(anonymous_0)
FN:3,adopt
FN:3,(anonymous_2)
FN:4,(anonymous_3)
FN:5,fulfilled
FN:6,rejected
FN:7,step
FN:11,(anonymous_7)
FN:21,(anonymous_8)
FN:21,(anonymous_9)
FN:32,(anonymous_10)
FN:48,(anonymous_11)
FN:48,(anonymous_12)
FN:66,(anonymous_13)
FN:66,(anonymous_14)
FN:123,(anonymous_15)
FN:123,(anonymous_16)
FN:153,(anonymous_17)
FN:153,(anonymous_18)
FNF:19
FNH:0
FNDA:0,(anonymous_0)
FNDA:0,adopt
FNDA:0,(anonymous_2)
FNDA:0,(anonymous_3)
FNDA:0,fulfilled
FNDA:0,rejected
FNDA:0,step
FNDA:0,(anonymous_7)
FNDA:0,(anonymous_8)
FNDA:0,(anonymous_9)
FNDA:0,(anonymous_10)
FNDA:0,(anonymous_11)
FNDA:0,(anonymous_12)
FNDA:0,(anonymous_13)
FNDA:0,(anonymous_14)
FNDA:0,(anonymous_15)
FNDA:0,(anonymous_16)
FNDA:0,(anonymous_17)
FNDA:0,(anonymous_18)
DA:2,0
DA:3,0
DA:4,0
DA:5,0
DA:6,0
DA:7,0
DA:8,0
DA:11,0
DA:12,0
DA:14,0
DA:15,0
DA:16,0
DA:17,0
DA:18,0
DA:19,0
DA:21,0
DA:22,0
DA:23,0
DA:32,0
DA:35,0
DA:36,0
DA:38,0
DA:39,0
DA:43,0
DA:44,0
DA:48,0
DA:49,0
DA:50,0
DA:52,0
DA:57,0
DA:58,0
DA:61,0
DA:62,0
DA:66,0
DA:67,0
DA:68,0
DA:69,0
DA:70,0
DA:71,0
DA:72,0
DA:75,0
DA:76,0
DA:77,0
DA:78,0
DA:79,0
DA:81,0
DA:82,0
DA:83,0
DA:84,0
DA:87,0
DA:89,0
DA:90,0
DA:93,0
DA:96,0
DA:106,0
DA:108,0
DA:109,0
DA:113,0
DA:115,0
DA:118,0
DA:119,0
DA:123,0
DA:124,0
DA:125,0
DA:126,0
DA:127,0
DA:129,0
DA:131,0
DA:132,0
DA:135,0
DA:138,0
DA:139,0
DA:140,0
DA:141,0
DA:142,0
DA:144,0
DA:145,0
DA:148,0
DA:149,0
DA:153,0
DA:154,0
DA:155,0
DA:156,0
DA:157,0
DA:161,0
DA:162,0
DA:163,0
DA:164,0
DA:166,0
DA:167,0
DA:170,0
DA:171,0
DA:174,0
LF:93
LH:0
BRDA:2,0,0,0
BRDA:2,0,1,0
BRDA:2,0,2,0
BRDA:3,1,0,0
BRDA:3,1,1,0
BRDA:4,2,0,0
BRDA:4,2,1,0
BRDA:7,3,0,0
BRDA:7,3,1,0
BRDA:8,4,0,0
BRDA:8,4,1,0
BRDA:11,5,0,0
BRDA:11,5,1,0
BRDA:11,5,2,0
BRDA:12,6,0,0
BRDA:12,6,1,0
BRDA:12,7,0,0
BRDA:12,7,1,0
BRDA:31,8,0,0
BRDA:31,8,1,0
BRDA:38,9,0,0
BRDA:38,9,1,0
BRDA:38,10,0,0
BRDA:38,10,1,0
BRDA:69,11,0,0
BRDA:69,11,1,0
BRDA:76,12,0,0
BRDA:76,12,1,0
BRDA:81,13,0,0
BRDA:81,13,1,0
BRDA:81,14,0,0
BRDA:81,14,1,0
BRDA:81,14,2,0
BRDA:87,15,0,0
BRDA:87,15,1,0
BRDA:87,16,0,0
BRDA:87,16,1,0
BRDA:87,16,2,0
BRDA:87,16,3,0
BRDA:108,17,0,0
BRDA:108,17,1,0
BRDA:129,18,0,0
BRDA:129,18,1,0
BRDA:129,19,0,0
BRDA:129,19,1,0
BRDA:129,19,2,0
BRDA:129,19,3,0
BRDA:139,20,0,0
BRDA:139,20,1,0
BRDA:161,21,0,0
BRDA:161,21,1,0
BRF:51
BRH:0
end_of_record
TN:
SF:src/modules/recipes/recipeController.ts
FN:2,(anonymous_0)
FN:3,adopt
FN:3,(anonymous_2)
FN:4,(anonymous_3)
FN:5,fulfilled
FN:6,rejected
FN:7,step
FN:11,(anonymous_7)
FN:22,(anonymous_8)
FN:33,(anonymous_9)
FN:33,(anonymous_10)
FN:78,(anonymous_11)
FN:78,(anonymous_12)
FNF:13
FNH:0
FNDA:0,(anonymous_0)
FNDA:0,adopt
FNDA:0,(anonymous_2)
FNDA:0,(anonymous_3)
FNDA:0,fulfilled
FNDA:0,rejected
FNDA:0,step
FNDA:0,(anonymous_7)
FNDA:0,(anonymous_8)
FNDA:0,(anonymous_9)
FNDA:0,(anonymous_10)
FNDA:0,(anonymous_11)
FNDA:0,(anonymous_12)
DA:2,0
DA:3,0
DA:4,0
DA:5,0
DA:6,0
DA:7,0
DA:8,0
DA:11,0
DA:12,0
DA:13,0
DA:14,0
DA:15,0
DA:16,0
DA:17,0
DA:18,0
DA:20,0
DA:22,0
DA:23,0
DA:25,0
DA:26,0
DA:27,0
DA:28,0
DA:29,0
DA:30,0
DA:31,0
DA:33,0
DA:34,0
DA:35,0
DA:36,0
DA:37,0
DA:38,0
DA:39,0
DA:42,0
DA:44,0
DA:45,0
DA:46,0
DA:47,0
DA:49,0
DA:51,0
DA:54,0
DA:56,0
DA:57,0
DA:58,0
DA:59,0
DA:62,0
DA:65,0
DA:66,0
DA:68,0
DA:69,0
DA:72,0
DA:73,0
DA:76,0
DA:78,0
DA:79,0
DA:80,0
DA:81,0
DA:82,0
DA:83,0
DA:84,0
DA:85,0
DA:87,0
DA:88,0
DA:89,0
DA:90,0
DA:92,0
DA:96,0
DA:97,0
DA:98,0
DA:99,0
DA:101,0
DA:102,0
DA:105,0
DA:106,0
DA:109,0
LF:74
LH:0
BRDA:2,0,0,0
BRDA:2,0,1,0
BRDA:2,0,2,0
BRDA:3,1,0,0
BRDA:3,1,1,0
BRDA:4,2,0,0
BRDA:4,2,1,0
BRDA:7,3,0,0
BRDA:7,3,1,0
BRDA:8,4,0,0
BRDA:8,4,1,0
BRDA:11,5,0,0
BRDA:11,5,1,0
BRDA:11,5,2,0
BRDA:13,6,0,0
BRDA:13,6,1,0
BRDA:13,7,0,0
BRDA:13,7,1,0
BRDA:15,8,0,0
BRDA:15,8,1,0
BRDA:15,9,0,0
BRDA:15,9,1,0
BRDA:17,10,0,0
BRDA:17,10,1,0
BRDA:17,11,0,0
BRDA:17,11,1,0
BRDA:22,12,0,0
BRDA:22,12,1,0
BRDA:22,12,2,0
BRDA:23,13,0,0
BRDA:23,13,1,0
BRDA:23,14,0,0
BRDA:23,14,1,0
BRDA:36,15,0,0
BRDA:36,15,1,0
BRDA:42,16,0,0
BRDA:42,16,1,0
BRDA:42,16,2,0
BRDA:42,16,3,0
BRDA:44,17,0,0
BRDA:44,17,1,0
BRDA:51,18,0,0
BRDA:51,18,1,0
BRDA:60,19,0,0
BRDA:60,19,1,0
BRDA:82,20,0,0
BRDA:82,20,1,0
BRDA:87,21,0,0
BRDA:87,21,1,0
BRDA:96,22,0,0
BRDA:96,22,1,0
BRDA:106,23,0,0
BRDA:106,23,1,0
BRF:53
BRH:0
end_of_record
TN:
SF:src/modules/users/authController.ts
FN:2,(anonymous_0)
FN:3,adopt
FN:3,(anonymous_2)
FN:4,(anonymous_3)
FN:5,fulfilled
FN:6,rejected
FN:7,step
FN:11,(anonymous_7)
FN:25,(anonymous_8)
FN:25,(anonymous_9)
FN:86,(anonymous_10)
FN:86,(anonymous_11)
FN:114,(anonymous_12)
FN:114,(anonymous_13)
FN:165,(anonymous_14)
FN:165,(anonymous_15)
FN:183,(anonymous_16)
FN:183,(anonymous_17)
FN:223,(anonymous_18)
FN:223,(anonymous_19)
FN:251,(anonymous_20)
FN:251,(anonymous_21)
FN:277,(anonymous_22)
FN:277,(anonymous_23)
FN:306,(anonymous_24)
FN:306,(anonymous_25)
FNF:26
FNH:12
FNDA:2,(anonymous_0)
FNDA:6,adopt
FNDA:1,(anonymous_2)
FNDA:2,(anonymous_3)
FNDA:5,fulfilled
FNDA:1,rejected
FNDA:8,step
FNDA:3,(anonymous_7)
FNDA:0,(anonymous_8)
FNDA:0,(anonymous_9)
FNDA:1,(anonymous_10)
FNDA:1,(anonymous_11)
FNDA:1,(anonymous_12)
FNDA:1,(anonymous_13)
FNDA:0,(anonymous_14)
FNDA:0,(anonymous_15)
FNDA:0,(anonymous_16)
FNDA:0,(anonymous_17)
FNDA:0,(anonymous_18)
FNDA:0,(anonymous_19)
FNDA:0,(anonymous_20)
FNDA:0,(anonymous_21)
FNDA:0,(anonymous_22)
FNDA:0,(anonymous_23)
FNDA:0,(anonymous_24)
FNDA:0,(anonymous_25)
DA:2,1
DA:3,6
DA:4,2
DA:5,5
DA:6,1
DA:7,8
DA:8,2
DA:11,1
DA:12,3
DA:14,1
DA:15,1
DA:16,1
DA:17,1
DA:18,1
DA:19,1
DA:20,1
DA:21,1
DA:22,1
DA:23,1
DA:25,1
DA:26,0
DA:27,0
DA:28,0
DA:32,0
DA:33,0
DA:34,0
DA:35,0
DA:36,0
DA:38,0
DA:39,0
DA:41,0
DA:42,0
DA:43,0
DA:46,0
DA:48,0
DA:49,0
DA:50,0
DA:58,0
DA:59,0
DA:62,0
DA:65,0
DA:66,0
DA:67,0
DA:68,0
DA:71,0
DA:72,0
DA:73,0
DA:74,0
DA:81,0
DA:82,0
DA:86,1
DA:87,1
DA:88,1
DA:89,1
DA:90,1
DA:91,1
DA:92,1
DA:99,1
DA:100,1
DA:101,1
DA:102,1
DA:104,1
DA:105,0
DA:106,0
DA:109,1
DA:110,1
DA:114,1
DA:115,1
DA:117,1
DA:118,1
DA:119,0
DA:120,0
DA:121,0
DA:124,1
DA:125,1
DA:128,1
DA:131,0
DA:132,0
DA:133,0
DA:134,0
DA:135,0
DA:138,0
DA:139,0
DA:140,0
DA:143,0
DA:144,0
DA:145,0
DA:146,0
DA:149,0
DA:150,0
DA:151,0
DA:153,0
DA:160,0
DA:161,0
DA:165,1
DA:166,0
DA:167,0
DA:168,0
DA:169,0
DA:171,0
DA:172,0
DA:173,0
DA:174,0
DA:175,0
DA:178,0
DA:179,0
DA:183,1
DA:185,0
DA:186,0
DA:187,0
DA:188,0
DA:189,0
DA:192,0
DA:193,0
DA:194,0
DA:195,0
DA:198,0
DA:199,0
DA:200,0
DA:203,0
DA:204,0
DA:206,0
DA:207,0
DA:208,0
DA:213,0
DA:216,0
DA:217,0
DA:218,0
DA:221,1
DA:223,1
DA:224,0
DA:225,0
DA:226,0
DA:227,0
DA:229,0
DA:230,0
DA:231,0
DA:235,0
DA:236,0
DA:239,0
DA:240,0
DA:241,0
DA:242,0
DA:243,0
DA:246,0
DA:247,0
DA:251,1
DA:252,0
DA:253,0
DA:254,0
DA:255,0
DA:257,0
DA:258,0
DA:259,0
DA:260,0
DA:261,0
DA:263,0
DA:264,0
DA:265,0
DA:266,0
DA:267,0
DA:268,0
DA:269,0
DA:272,0
DA:273,0
DA:277,1
DA:278,0
DA:279,0
DA:280,0
DA:281,0
DA:283,0
DA:284,0
DA:285,0
DA:286,0
DA:287,0
DA:289,0
DA:290,0
DA:291,0
DA:292,0
DA:294,0
DA:295,0
DA:296,0
DA:299,0
DA:300,0
DA:306,1
DA:307,0
DA:308,0
DA:309,0
DA:312,0
DA:314,0
DA:315,0
DA:316,0
DA:320,0
DA:321,0
DA:324,0
DA:325,0
DA:326,0
DA:327,0
DA:328,0
DA:329,0
DA:332,0
DA:333,0
DA:336,1
LF:203
LH:49
BRDA:2,0,0,1
BRDA:2,0,1,1
BRDA:2,0,2,1
BRDA:3,1,0,5
BRDA:3,1,1,1
BRDA:4,2,0,2
BRDA:4,2,1,2
BRDA:7,3,0,2
BRDA:7,3,1,6
BRDA:8,4,0,2
BRDA:8,4,1,2
BRDA:11,5,0,1
BRDA:11,5,1,1
BRDA:11,5,2,1
BRDA:12,6,0,2
BRDA:12,6,1,1
BRDA:12,7,0,3
BRDA:12,7,1,3
BRDA:33,8,0,0
BRDA:33,8,1,0
BRDA:41,9,0,0
BRDA:41,9,1,0
BRDA:41,10,0,0
BRDA:41,10,1,0
BRDA:41,10,2,0
BRDA:48,11,0,0
BRDA:48,11,1,0
BRDA:51,12,0,0
BRDA:51,12,1,0
BRDA:52,13,0,0
BRDA:52,13,1,0
BRDA:53,14,0,0
BRDA:53,14,1,0
BRDA:66,15,0,0
BRDA:66,15,1,0
BRDA:118,16,0,0
BRDA:118,16,1,1
BRDA:124,17,0,1
BRDA:124,17,1,0
BRDA:132,18,0,0
BRDA:132,18,1,0
BRDA:138,19,0,0
BRDA:138,19,1,0
BRDA:144,20,0,0
BRDA:144,20,1,0
BRDA:167,21,0,0
BRDA:167,21,1,0
BRDA:186,22,0,0
BRDA:186,22,1,0
BRDA:186,23,0,0
BRDA:186,23,1,0
BRDA:187,24,0,0
BRDA:187,24,1,0
BRDA:193,25,0,0
BRDA:193,25,1,0
BRDA:199,26,0,0
BRDA:199,26,1,0
BRDA:225,27,0,0
BRDA:225,27,1,0
BRDA:225,28,0,0
BRDA:225,28,1,0
BRDA:231,29,0,0
BRDA:231,29,1,0
BRDA:231,30,0,0
BRDA:231,30,1,0
BRDA:231,30,2,0
BRDA:231,30,3,0
BRDA:253,31,0,0
BRDA:253,31,1,0
BRDA:259,32,0,0
BRDA:259,32,1,0
BRDA:279,33,0,0
BRDA:279,33,1,0
BRDA:285,34,0,0
BRDA:285,34,1,0
BRDA:308,35,0,0
BRDA:308,35,1,0
BRDA:308,36,0,0
BRDA:308,36,1,0
BRDA:308,36,2,0
BRDA:316,37,0,0
BRDA:316,37,1,0
BRDA:316,38,0,0
BRDA:316,38,1,0
BRDA:316,38,2,0
BRDA:316,38,3,0
BRF:86
BRH:20
end_of_record
TN:
SF:src/modules/users/friendsController.ts
FN:2,(anonymous_0)
FN:3,adopt
FN:3,(anonymous_2)
FN:4,(anonymous_3)
FN:5,fulfilled
FN:6,rejected
FN:7,step
FN:11,(anonymous_7)
FN:23,(anonymous_8)
FN:23,(anonymous_9)
FN:37,(anonymous_10)
FN:37,(anonymous_11)
FN:51,(anonymous_12)
FN:51,(anonymous_13)
FN:66,(anonymous_14)
FN:123,(anonymous_15)
FN:123,(anonymous_16)
FN:157,(anonymous_17)
FN:157,(anonymous_18)
FN:238,(anonymous_19)
FN:238,(anonymous_20)
FN:261,(anonymous_21)
FN:261,(anonymous_22)
FNF:23
FNH:0
FNDA:0,(anonymous_0)
FNDA:0,adopt
FNDA:0,(anonymous_2)
FNDA:0,(anonymous_3)
FNDA:0,fulfilled
FNDA:0,rejected
FNDA:0,step
FNDA:0,(anonymous_7)
FNDA:0,(anonymous_8)
FNDA:0,(anonymous_9)
FNDA:0,(anonymous_10)
FNDA:0,(anonymous_11)
FNDA:0,(anonymous_12)
FNDA:0,(anonymous_13)
FNDA:0,(anonymous_14)
FNDA:0,(anonymous_15)
FNDA:0,(anonymous_16)
FNDA:0,(anonymous_17)
FNDA:0,(anonymous_18)
FNDA:0,(anonymous_19)
FNDA:0,(anonymous_20)
FNDA:0,(anonymous_21)
FNDA:0,(anonymous_22)
DA:2,0
DA:3,0
DA:4,0
DA:5,0
DA:6,0
DA:7,0
DA:8,0
DA:11,0
DA:12,0
DA:14,0
DA:15,0
DA:16,0
DA:17,0
DA:18,0
DA:19,0
DA:20,0
DA:21,0
DA:23,0
DA:24,0
DA:25,0
DA:26,0
DA:29,0
DA:32,0
DA:33,0
DA:37,0
DA:38,0
DA:39,0
DA:40,0
DA:43,0
DA:46,0
DA:47,0
DA:51,0
DA:53,0
DA:54,0
DA:55,0
DA:56,0
DA:57,0
DA:60,0
DA:63,0
DA:64,0
DA:66,0
DA:67,0
DA:68,0
DA:71,0
DA:76,0
DA:77,0
DA:78,0
DA:80,0
DA:82,0
DA:83,0
DA:85,0
DA:86,0
DA:87,0
DA:113,0
DA:115,0
DA:118,0
DA:119,0
DA:123,0
DA:124,0
DA:125,0
DA:126,0
DA:127,0
DA:128,0
DA:129,0
DA:130,0
DA:132,0
DA:133,0
DA:134,0
DA:136,0
DA:137,0
DA:140,0
DA:142,0
DA:143,0
DA:146,0
DA:148,0
DA:149,0
DA:152,0
DA:153,0
DA:157,0
DA:159,0
DA:160,0
DA:161,0
DA:162,0
DA:163,0
DA:164,0
DA:165,0
DA:167,0
DA:168,0
DA:169,0
DA:172,0
DA:175,0
DA:178,0
DA:179,0
DA:181,0
DA:182,0
DA:184,0
DA:185,0
DA:186,0
DA:212,0
DA:214,0
DA:216,0
DA:219,0
DA:223,0
DA:224,0
DA:225,0
DA:227,0
DA:228,0
DA:229,0
DA:233,0
DA:234,0
DA:238,0
DA:239,0
DA:240,0
DA:241,0
DA:242,0
DA:243,0
DA:244,0
DA:245,0
DA:247,0
DA:248,0
DA:249,0
DA:251,0
DA:252,0
DA:253,0
DA:256,0
DA:257,0
DA:261,0
DA:262,0
DA:263,0
DA:264,0
DA:265,0
DA:266,0
DA:267,0
DA:269,0
DA:270,0
DA:271,0
DA:274,0
DA:277,0
DA:280,0
DA:282,0
DA:283,0
DA:285,0
DA:286,0
DA:287,0
DA:289,0
DA:290,0
DA:291,0
DA:295,0
DA:296,0
DA:299,0
LF:150
LH:0
BRDA:2,0,0,0
BRDA:2,0,1,0
BRDA:2,0,2,0
BRDA:3,1,0,0
BRDA:3,1,1,0
BRDA:4,2,0,0
BRDA:4,2,1,0
BRDA:7,3,0,0
BRDA:7,3,1,0
BRDA:8,4,0,0
BRDA:8,4,1,0
BRDA:11,5,0,0
BRDA:11,5,1,0
BRDA:11,5,2,0
BRDA:12,6,0,0
BRDA:12,6,1,0
BRDA:12,7,0,0
BRDA:12,7,1,0
BRDA:29,8,0,0
BRDA:29,8,1,0
BRDA:29,9,0,0
BRDA:29,9,1,0
BRDA:29,10,0,0
BRDA:29,10,1,0
BRDA:56,11,0,0
BRDA:56,11,1,0
BRDA:64,12,0,0
BRDA:64,12,1,0
BRDA:64,13,0,0
BRDA:64,13,1,0
BRDA:64,13,2,0
BRDA:76,14,0,0
BRDA:76,14,1,0
BRDA:85,15,0,0
BRDA:85,15,1,0
BRDA:85,16,0,0
BRDA:85,16,1,0
BRDA:85,17,0,0
BRDA:85,17,1,0
BRDA:85,18,0,0
BRDA:85,18,1,0
BRDA:85,19,0,0
BRDA:85,19,1,0
BRDA:85,20,0,0
BRDA:85,20,1,0
BRDA:85,21,0,0
BRDA:85,21,1,0
BRDA:85,22,0,0
BRDA:85,22,1,0
BRDA:86,23,0,0
BRDA:86,23,1,0
BRDA:86,24,0,0
BRDA:86,24,1,0
BRDA:86,25,0,0
BRDA:86,25,1,0
BRDA:86,26,0,0
BRDA:86,26,1,0
BRDA:95,27,0,0
BRDA:95,27,1,0
BRDA:128,28,0,0
BRDA:128,28,1,0
BRDA:132,29,0,0
BRDA:132,29,1,0
BRDA:136,30,0,0
BRDA:136,30,1,0
BRDA:142,31,0,0
BRDA:142,31,1,0
BRDA:163,32,0,0
BRDA:163,32,1,0
BRDA:163,33,0,0
BRDA:163,33,1,0
BRDA:163,33,2,0
BRDA:167,34,0,0
BRDA:167,34,1,0
BRDA:184,35,0,0
BRDA:184,35,1,0
BRDA:184,36,0,0
BRDA:184,36,1,0
BRDA:184,37,0,0
BRDA:184,37,1,0
BRDA:184,38,0,0
BRDA:184,38,1,0
BRDA:184,39,0,0
BRDA:184,39,1,0
BRDA:184,40,0,0
BRDA:184,40,1,0
BRDA:184,41,0,0
BRDA:184,41,1,0
BRDA:184,42,0,0
BRDA:184,42,1,0
BRDA:185,43,0,0
BRDA:185,43,1,0
BRDA:185,44,0,0
BRDA:185,44,1,0
BRDA:185,45,0,0
BRDA:185,45,1,0
BRDA:185,46,0,0
BRDA:185,46,1,0
BRDA:194,47,0,0
BRDA:194,47,1,0
BRDA:224,48,0,0
BRDA:224,48,1,0
BRDA:228,49,0,0
BRDA:228,49,1,0
BRDA:243,50,0,0
BRDA:243,50,1,0
BRDA:243,51,0,0
BRDA:243,51,1,0
BRDA:243,51,2,0
BRDA:247,52,0,0
BRDA:247,52,1,0
BRDA:265,53,0,0
BRDA:265,53,1,0
BRDA:269,54,0,0
BRDA:269,54,1,0
BRDA:286,55,0,0
BRDA:286,55,1,0
BRDA:290,56,0,0
BRDA:290,56,1,0
BRF:119
BRH:0
end_of_record
TN:
SF:src/modules/users/userController.ts
FN:2,(anonymous_0)
FN:3,adopt
FN:3,(anonymous_2)
FN:4,(anonymous_3)
FN:5,fulfilled
FN:6,rejected
FN:7,step
FN:11,(anonymous_7)
FN:25,(anonymous_8)
FN:25,(anonymous_9)
FN:49,(anonymous_10)
FN:49,(anonymous_11)
FN:96,(anonymous_12)
FN:96,(anonymous_13)
FN:151,(anonymous_14)
FN:151,(anonymous_15)
FN:174,(anonymous_16)
FN:174,(anonymous_17)
FN:203,(anonymous_18)
FN:203,(anonymous_19)
FN:229,(anonymous_20)
FN:229,(anonymous_21)
FN:254,(anonymous_22)
FN:254,(anonymous_23)
FNF:24
FNH:6
FNDA:1,(anonymous_0)
FNDA:0,adopt
FNDA:0,(anonymous_2)
FNDA:1,(anonymous_3)
FNDA:0,fulfilled
FNDA:0,rejected
FNDA:1,step
FNDA:6,(anonymous_7)
FNDA:1,(anonymous_8)
FNDA:1,(anonymous_9)
FNDA:0,(anonymous_10)
FNDA:0,(anonymous_11)
FNDA:0,(anonymous_12)
FNDA:0,(anonymous_13)
FNDA:0,(anonymous_14)
FNDA:0,(anonymous_15)
FNDA:0,(anonymous_16)
FNDA:0,(anonymous_17)
FNDA:0,(anonymous_18)
FNDA:0,(anonymous_19)
FNDA:0,(anonymous_20)
FNDA:0,(anonymous_21)
FNDA:0,(anonymous_22)
FNDA:0,(anonymous_23)
DA:2,1
DA:3,0
DA:4,1
DA:5,0
DA:6,0
DA:7,1
DA:8,1
DA:11,1
DA:12,6
DA:14,1
DA:15,1
DA:16,1
DA:17,1
DA:18,1
DA:19,1
DA:20,1
DA:21,1
DA:22,1
DA:23,1
DA:25,1
DA:26,1
DA:27,1
DA:28,1
DA:30,1
DA:31,1
DA:35,0
DA:36,0
DA:37,0
DA:38,0
DA:40,0
DA:41,0
DA:44,1
DA:45,1
DA:49,1
DA:50,0
DA:51,0
DA:52,0
DA:53,0
DA:54,0
DA:55,0
DA:56,0
DA:59,0
DA:60,0
DA:61,0
DA:62,0
DA:63,0
DA:64,0
DA:65,0
DA:68,0
DA:70,0
DA:72,0
DA:73,0
DA:74,0
DA:77,0
DA:78,0
DA:81,0
DA:85,0
DA:86,0
DA:87,0
DA:90,0
DA:91,0
DA:94,1
DA:96,1
DA:98,0
DA:99,0
DA:100,0
DA:102,0
DA:103,0
DA:104,0
DA:105,0
DA:106,0
DA:109,0
DA:110,0
DA:111,0
DA:115,0
DA:134,0
DA:136,0
DA:137,0
DA:138,0
DA:146,0
DA:147,0
DA:151,1
DA:152,0
DA:153,0
DA:154,0
DA:155,0
DA:156,0
DA:157,0
DA:159,0
DA:160,0
DA:161,0
DA:162,0
DA:164,0
DA:165,0
DA:166,0
DA:169,0
DA:170,0
DA:174,1
DA:175,0
DA:176,0
DA:177,0
DA:178,0
DA:179,0
DA:180,0
DA:181,0
DA:184,0
DA:185,0
DA:186,0
DA:187,0
DA:190,0
DA:191,0
DA:193,0
DA:194,0
DA:195,0
DA:198,0
DA:199,0
DA:203,1
DA:204,0
DA:205,0
DA:206,0
DA:207,0
DA:208,0
DA:210,0
DA:211,0
DA:220,0
DA:221,0
DA:224,0
DA:225,0
DA:229,1
DA:230,0
DA:231,0
DA:233,0
DA:234,0
DA:235,0
DA:237,0
DA:240,0
DA:241,0
DA:242,0
DA:243,0
DA:245,0
DA:246,0
DA:249,0
DA:250,0
DA:254,1
DA:255,0
DA:256,0
DA:257,0
DA:258,0
DA:259,0
DA:260,0
DA:262,0
DA:265,0
DA:266,0
DA:269,1
LF:154
LH:33
BRDA:2,0,0,1
BRDA:2,0,1,1
BRDA:2,0,2,1
BRDA:3,1,0,0
BRDA:3,1,1,0
BRDA:4,2,0,1
BRDA:4,2,1,1
BRDA:7,3,0,1
BRDA:7,3,1,0
BRDA:8,4,0,1
BRDA:8,4,1,1
BRDA:11,5,0,1
BRDA:11,5,1,1
BRDA:11,5,2,1
BRDA:12,6,0,4
BRDA:12,6,1,2
BRDA:12,7,0,6
BRDA:12,7,1,6
BRDA:30,8,0,1
BRDA:30,8,1,0
BRDA:35,9,0,0
BRDA:35,9,1,0
BRDA:53,10,0,0
BRDA:53,10,1,0
BRDA:59,11,0,0
BRDA:59,11,1,0
BRDA:61,12,0,0
BRDA:61,12,1,0
BRDA:63,13,0,0
BRDA:63,13,1,0
BRDA:68,14,0,0
BRDA:68,14,1,0
BRDA:68,15,0,0
BRDA:68,15,1,0
BRDA:70,16,0,0
BRDA:70,16,1,0
BRDA:70,17,0,0
BRDA:70,17,1,0
BRDA:77,18,0,0
BRDA:77,18,1,0
BRDA:103,19,0,0
BRDA:103,19,1,0
BRDA:112,20,0,0
BRDA:112,20,1,0
BRDA:112,21,0,0
BRDA:112,21,1,0
BRDA:112,22,0,0
BRDA:112,22,1,0
BRDA:112,23,0,0
BRDA:112,23,1,0
BRDA:112,24,0,0
BRDA:112,24,1,0
BRDA:112,25,0,0
BRDA:112,25,1,0
BRDA:112,26,0,0
BRDA:112,26,1,0
BRDA:112,27,0,0
BRDA:112,27,1,0
BRDA:112,28,0,0
BRDA:112,28,1,0
BRDA:112,29,0,0
BRDA:112,29,1,0
BRDA:116,30,0,0
BRDA:116,30,1,0
BRDA:116,31,0,0
BRDA:116,31,1,0
BRDA:116,32,0,0
BRDA:116,32,1,0
BRDA:116,33,0,0
BRDA:116,33,1,0
BRDA:116,34,0,0
BRDA:116,34,1,0
BRDA:116,35,0,0
BRDA:116,35,1,0
BRDA:118,36,0,0
BRDA:118,36,1,0
BRDA:118,37,0,0
BRDA:118,37,1,0
BRDA:118,38,0,0
BRDA:118,38,1,0
BRDA:118,39,0,0
BRDA:118,39,1,0
BRDA:118,40,0,0
BRDA:118,40,1,0
BRDA:118,41,0,0
BRDA:118,41,1,0
BRDA:118,42,0,0
BRDA:118,42,1,0
BRDA:118,43,0,0
BRDA:118,43,1,0
BRDA:118,44,0,0
BRDA:118,44,1,0
BRDA:118,45,0,0
BRDA:118,45,1,0
BRDA:119,46,0,0
BRDA:119,46,1,0
BRDA:119,47,0,0
BRDA:119,47,1,0
BRDA:119,48,0,0
BRDA:119,48,1,0
BRDA:119,49,0,0
BRDA:119,49,1,0
BRDA:119,50,0,0
BRDA:119,50,1,0
BRDA:119,51,0,0
BRDA:119,51,1,0
BRDA:119,52,0,0
BRDA:119,52,1,0
BRDA:119,53,0,0
BRDA:119,53,1,0
BRDA:119,54,0,0
BRDA:119,54,1,0
BRDA:119,55,0,0
BRDA:119,55,1,0
BRDA:120,56,0,0
BRDA:120,56,1,0
BRDA:120,57,0,0
BRDA:120,57,1,0
BRDA:120,58,0,0
BRDA:120,58,1,0
BRDA:120,59,0,0
BRDA:120,59,1,0
BRDA:120,60,0,0
BRDA:120,60,1,0
BRDA:120,61,0,0
BRDA:120,61,1,0
BRDA:120,62,0,0
BRDA:120,62,1,0
BRDA:120,63,0,0
BRDA:120,63,1,0
BRDA:120,64,0,0
BRDA:120,64,1,0
BRDA:120,65,0,0
BRDA:120,65,1,0
BRDA:121,66,0,0
BRDA:121,66,1,0
BRDA:121,67,0,0
BRDA:121,67,1,0
BRDA:121,68,0,0
BRDA:121,68,1,0
BRDA:121,69,0,0
BRDA:121,69,1,0
BRDA:121,70,0,0
BRDA:121,70,1,0
BRDA:121,71,0,0
BRDA:121,71,1,0
BRDA:121,72,0,0
BRDA:121,72,1,0
BRDA:121,73,0,0
BRDA:121,73,1,0
BRDA:121,74,0,0
BRDA:121,74,1,0
BRDA:121,75,0,0
BRDA:121,75,1,0
BRDA:122,76,0,0
BRDA:122,76,1,0
BRDA:122,77,0,0
BRDA:122,77,1,0
BRDA:122,78,0,0
BRDA:122,78,1,0
BRDA:122,79,0,0
BRDA:122,79,1,0
BRDA:122,80,0,0
BRDA:122,80,1,0
BRDA:122,81,0,0
BRDA:122,81,1,0
BRDA:122,82,0,0
BRDA:122,82,1,0
BRDA:122,83,0,0
BRDA:122,83,1,0
BRDA:122,84,0,0
BRDA:122,84,1,0
BRDA:122,85,0,0
BRDA:122,85,1,0
BRDA:123,86,0,0
BRDA:123,86,1,0
BRDA:123,87,0,0
BRDA:123,87,1,0
BRDA:123,88,0,0
BRDA:123,88,1,0
BRDA:123,89,0,0
BRDA:123,89,1,0
BRDA:123,90,0,0
BRDA:123,90,1,0
BRDA:123,91,0,0
BRDA:123,91,1,0
BRDA:123,92,0,0
BRDA:123,92,1,0
BRDA:123,93,0,0
BRDA:123,93,1,0
BRDA:123,94,0,0
BRDA:123,94,1,0
BRDA:123,95,0,0
BRDA:123,95,1,0
BRDA:124,96,0,0
BRDA:124,96,1,0
BRDA:124,97,0,0
BRDA:124,97,1,0
BRDA:124,98,0,0
BRDA:124,98,1,0
BRDA:124,99,0,0
BRDA:124,99,1,0
BRDA:124,100,0,0
BRDA:124,100,1,0
BRDA:124,101,0,0
BRDA:124,101,1,0
BRDA:124,102,0,0
BRDA:124,102,1,0
BRDA:124,103,0,0
BRDA:124,103,1,0
BRDA:124,104,0,0
BRDA:124,104,1,0
BRDA:124,105,0,0
BRDA:124,105,1,0
BRDA:125,106,0,0
BRDA:125,106,1,0
BRDA:125,107,0,0
BRDA:125,107,1,0
BRDA:125,108,0,0
BRDA:125,108,1,0
BRDA:125,109,0,0
BRDA:125,109,1,0
BRDA:125,110,0,0
BRDA:125,110,1,0
BRDA:125,111,0,0
BRDA:125,111,1,0
BRDA:125,112,0,0
BRDA:125,112,1,0
BRDA:125,113,0,0
BRDA:125,113,1,0
BRDA:125,114,0,0
BRDA:125,114,1,0
BRDA:125,115,0,0
BRDA:125,115,1,0
BRDA:126,116,0,0
BRDA:126,116,1,0
BRDA:126,117,0,0
BRDA:126,117,1,0
BRDA:126,118,0,0
BRDA:126,118,1,0
BRDA:126,119,0,0
BRDA:126,119,1,0
BRDA:126,120,0,0
BRDA:126,120,1,0
BRDA:126,121,0,0
BRDA:126,121,1,0
BRDA:126,122,0,0
BRDA:126,122,1,0
BRDA:126,123,0,0
BRDA:126,123,1,0
BRDA:126,124,0,0
BRDA:126,124,1,0
BRDA:126,125,0,0
BRDA:126,125,1,0
BRDA:127,126,0,0
BRDA:127,126,1,0
BRDA:127,127,0,0
BRDA:127,127,1,0
BRDA:127,128,0,0
BRDA:127,128,1,0
BRDA:127,129,0,0
BRDA:127,129,1,0
BRDA:127,130,0,0
BRDA:127,130,1,0
BRDA:127,131,0,0
BRDA:127,131,1,0
BRDA:127,132,0,0
BRDA:127,132,1,0
BRDA:127,133,0,0
BRDA:127,133,1,0
BRDA:127,134,0,0
BRDA:127,134,1,0
BRDA:127,135,0,0
BRDA:127,135,1,0
BRDA:128,136,0,0
BRDA:128,136,1,0
BRDA:128,137,0,0
BRDA:128,137,1,0
BRDA:128,138,0,0
BRDA:128,138,1,0
BRDA:128,139,0,0
BRDA:128,139,1,0
BRDA:128,140,0,0
BRDA:128,140,1,0
BRDA:128,141,0,0
BRDA:128,141,1,0
BRDA:128,142,0,0
BRDA:128,142,1,0
BRDA:128,143,0,0
BRDA:128,143,1,0
BRDA:128,144,0,0
BRDA:128,144,1,0
BRDA:128,145,0,0
BRDA:128,145,1,0
BRDA:129,146,0,0
BRDA:129,146,1,0
BRDA:129,147,0,0
BRDA:129,147,1,0
BRDA:129,148,0,0
BRDA:129,148,1,0
BRDA:129,149,0,0
BRDA:129,149,1,0
BRDA:129,150,0,0
BRDA:129,150,1,0
BRDA:129,151,0,0
BRDA:129,151,1,0
BRDA:129,152,0,0
BRDA:129,152,1,0
BRDA:129,153,0,0
BRDA:129,153,1,0
BRDA:129,154,0,0
BRDA:129,154,1,0
BRDA:129,155,0,0
BRDA:129,155,1,0
BRDA:155,156,0,0
BRDA:155,156,1,0
BRDA:160,157,0,0
BRDA:160,157,1,0
BRDA:178,158,0,0
BRDA:178,158,1,0
BRDA:184,159,0,0
BRDA:184,159,1,0
BRDA:184,160,0,0
BRDA:184,160,1,0
BRDA:205,161,0,0
BRDA:205,161,1,0
BRDA:233,162,0,0
BRDA:233,162,1,0
BRDA:240,163,0,0
BRDA:240,163,1,0
BRDA:258,164,0,0
BRDA:258,164,1,0
BRF:332
BRH:16
end_of_record
